TN:
SF:src\controllers\adminController.ts
FN:9,adminUsersGetAll
FN:16,(anonymous_9)
FN:18,(anonymous_10)
FN:23,(anonymous_11)
FN:26,(anonymous_12)
FN:30,(anonymous_13)
FN:43,(anonymous_14)
FN:68,adminUsersGetById
FN:76,(anonymous_16)
FN:86,adminUsersCreate
FN:106,adminUsersUpdate
FN:126,adminUsersRemove
FN:134,(anonymous_22)
FN:140,adminUsersStats
FN:147,(anonymous_24)
FN:149,(anonymous_25)
FN:153,(anonymous_26)
FN:154,(anonymous_27)
FN:155,(anonymous_28)
FN:156,(anonymous_29)
FN:157,(anonymous_30)
FN:158,(anonymous_31)
FN:170,adminEventsGetAll
FN:177,(anonymous_33)
FN:179,(anonymous_34)
FN:185,adminEventsGetById
FN:193,(anonymous_36)
FN:203,adminEventsCreate
FN:211,(anonymous_38)
FN:217,adminEventsUpdate
FN:226,(anonymous_40)
FN:232,adminEventsRemove
FN:240,(anonymous_42)
FN:247,adminMusiciansGetAll
FN:255,adminMusiciansGetById
FN:263,adminMusiciansUpdate
FN:271,adminMusiciansRemove
FN:281,adminImagesGetAll
FN:289,adminImagesGetById
FN:297,adminImagesRemove
FN:307,adminMusicianRequestsGetAll
FN:314,(anonymous_51)
FN:316,(anonymous_52)
FN:323,(anonymous_53)
FN:327,(anonymous_54)
FN:331,(anonymous_55)
FN:340,(anonymous_56)
FN:354,(anonymous_57)
FN:359,(anonymous_58)
FN:385,adminMusicianRequestsCreate
FN:393,(anonymous_60)
FN:399,adminMusicianRequestsGetById
FN:407,(anonymous_62)
FN:417,adminMusicianRequestsUpdate
FN:426,(anonymous_64)
FN:432,adminMusicianRequestsRemove
FN:440,(anonymous_66)
FN:447,adminMusicianRequestsStats
FN:454,(anonymous_68)
FN:456,(anonymous_69)
FN:460,(anonymous_70)
FN:462,(anonymous_71)
FN:464,(anonymous_72)
FN:466,(anonymous_73)
FN:468,(anonymous_74)
FN:482,getTopInstruments
FN:487,(anonymous_76)
FN:495,(anonymous_77)
FN:496,(anonymous_78)
FN:501,getTopLocations
FN:506,(anonymous_80)
FN:513,(anonymous_81)
FN:514,(anonymous_82)
FN:519,getRequestsByMonth
FN:524,(anonymous_84)
FN:533,(anonymous_85)
FN:534,(anonymous_86)
FN:538,getTopUserLocations
FN:543,(anonymous_88)
FN:550,(anonymous_89)
FN:551,(anonymous_90)
FN:556,getUsersByMonth
FN:561,(anonymous_92)
FN:570,(anonymous_93)
FN:571,(anonymous_94)
FN:580,(anonymous_95)
FN:580,(anonymous_96)
FN:607,(anonymous_97)
FN:619,(anonymous_98)
FN:631,(anonymous_99)
FN:654,(anonymous_100)
FN:654,(anonymous_101)
FN:663,(anonymous_102)
FN:670,(anonymous_103)
FN:677,(anonymous_104)
FN:688,(anonymous_105)
FN:694,(anonymous_106)
FN:755,(anonymous_107)
FN:755,(anonymous_108)
FN:765,(anonymous_109)
FN:773,(anonymous_110)
FN:782,(anonymous_111)
FN:783,(anonymous_112)
FN:787,(anonymous_113)
FN:788,(anonymous_114)
FN:811,(anonymous_115)
FN:836,(anonymous_116)
FN:836,(anonymous_117)
FN:846,(anonymous_118)
FN:854,(anonymous_119)
FN:863,(anonymous_120)
FN:864,(anonymous_121)
FN:865,(anonymous_122)
FN:868,(anonymous_123)
FN:898,(anonymous_124)
FN:924,(anonymous_125)
FN:924,(anonymous_126)
FN:934,(anonymous_127)
FN:942,(anonymous_128)
FN:951,(anonymous_129)
FN:952,(anonymous_130)
FN:953,(anonymous_131)
FN:954,(anonymous_132)
FN:958,(anonymous_133)
FN:959,(anonymous_134)
FN:960,(anonymous_135)
FN:961,(anonymous_136)
FN:984,(anonymous_137)
FN:995,(anonymous_138)
FN:1019,(anonymous_139)
FN:1019,(anonymous_140)
FN:1030,(anonymous_141)
FN:1034,(anonymous_142)
FN:1038,(anonymous_143)
FN:1050,(anonymous_144)
FN:1051,(anonymous_145)
FN:1064,(anonymous_146)
FN:1065,(anonymous_147)
FN:1101,(anonymous_148)
FN:1101,(anonymous_149)
FN:1116,(anonymous_150)
FN:1124,(anonymous_151)
FN:1126,(anonymous_152)
FN:1132,(anonymous_153)
FN:1154,(anonymous_154)
FN:1154,(anonymous_155)
FN:1244,(anonymous_156)
FN:1244,(anonymous_157)
FN:1312,(anonymous_158)
FN:1312,(anonymous_159)
FN:1341,(anonymous_160)
FN:1350,(anonymous_161)
FN:1351,(anonymous_162)
FN:1352,(anonymous_163)
FN:1353,(anonymous_164)
FN:1355,(anonymous_165)
FN:1356,(anonymous_166)
FN:1358,(anonymous_167)
FN:1361,(anonymous_168)
FN:1364,(anonymous_169)
FN:1388,getDailyStats
FN:1398,(anonymous_171)
FN:1406,(anonymous_172)
FN:1412,getTopPaymentMethods
FN:1415,(anonymous_174)
FN:1421,(anonymous_175)
FN:1422,(anonymous_176)
FN:1426,getTopEvents
FN:1429,(anonymous_178)
FN:1436,(anonymous_179)
FN:1437,(anonymous_180)
FNF:171
FNH:0
FNDA:0,adminUsersGetAll
FNDA:0,(anonymous_9)
FNDA:0,(anonymous_10)
FNDA:0,(anonymous_11)
FNDA:0,(anonymous_12)
FNDA:0,(anonymous_13)
FNDA:0,(anonymous_14)
FNDA:0,adminUsersGetById
FNDA:0,(anonymous_16)
FNDA:0,adminUsersCreate
FNDA:0,adminUsersUpdate
FNDA:0,adminUsersRemove
FNDA:0,(anonymous_22)
FNDA:0,adminUsersStats
FNDA:0,(anonymous_24)
FNDA:0,(anonymous_25)
FNDA:0,(anonymous_26)
FNDA:0,(anonymous_27)
FNDA:0,(anonymous_28)
FNDA:0,(anonymous_29)
FNDA:0,(anonymous_30)
FNDA:0,(anonymous_31)
FNDA:0,adminEventsGetAll
FNDA:0,(anonymous_33)
FNDA:0,(anonymous_34)
FNDA:0,adminEventsGetById
FNDA:0,(anonymous_36)
FNDA:0,adminEventsCreate
FNDA:0,(anonymous_38)
FNDA:0,adminEventsUpdate
FNDA:0,(anonymous_40)
FNDA:0,adminEventsRemove
FNDA:0,(anonymous_42)
FNDA:0,adminMusiciansGetAll
FNDA:0,adminMusiciansGetById
FNDA:0,adminMusiciansUpdate
FNDA:0,adminMusiciansRemove
FNDA:0,adminImagesGetAll
FNDA:0,adminImagesGetById
FNDA:0,adminImagesRemove
FNDA:0,adminMusicianRequestsGetAll
FNDA:0,(anonymous_51)
FNDA:0,(anonymous_52)
FNDA:0,(anonymous_53)
FNDA:0,(anonymous_54)
FNDA:0,(anonymous_55)
FNDA:0,(anonymous_56)
FNDA:0,(anonymous_57)
FNDA:0,(anonymous_58)
FNDA:0,adminMusicianRequestsCreate
FNDA:0,(anonymous_60)
FNDA:0,adminMusicianRequestsGetById
FNDA:0,(anonymous_62)
FNDA:0,adminMusicianRequestsUpdate
FNDA:0,(anonymous_64)
FNDA:0,adminMusicianRequestsRemove
FNDA:0,(anonymous_66)
FNDA:0,adminMusicianRequestsStats
FNDA:0,(anonymous_68)
FNDA:0,(anonymous_69)
FNDA:0,(anonymous_70)
FNDA:0,(anonymous_71)
FNDA:0,(anonymous_72)
FNDA:0,(anonymous_73)
FNDA:0,(anonymous_74)
FNDA:0,getTopInstruments
FNDA:0,(anonymous_76)
FNDA:0,(anonymous_77)
FNDA:0,(anonymous_78)
FNDA:0,getTopLocations
FNDA:0,(anonymous_80)
FNDA:0,(anonymous_81)
FNDA:0,(anonymous_82)
FNDA:0,getRequestsByMonth
FNDA:0,(anonymous_84)
FNDA:0,(anonymous_85)
FNDA:0,(anonymous_86)
FNDA:0,getTopUserLocations
FNDA:0,(anonymous_88)
FNDA:0,(anonymous_89)
FNDA:0,(anonymous_90)
FNDA:0,getUsersByMonth
FNDA:0,(anonymous_92)
FNDA:0,(anonymous_93)
FNDA:0,(anonymous_94)
FNDA:0,(anonymous_95)
FNDA:0,(anonymous_96)
FNDA:0,(anonymous_97)
FNDA:0,(anonymous_98)
FNDA:0,(anonymous_99)
FNDA:0,(anonymous_100)
FNDA:0,(anonymous_101)
FNDA:0,(anonymous_102)
FNDA:0,(anonymous_103)
FNDA:0,(anonymous_104)
FNDA:0,(anonymous_105)
FNDA:0,(anonymous_106)
FNDA:0,(anonymous_107)
FNDA:0,(anonymous_108)
FNDA:0,(anonymous_109)
FNDA:0,(anonymous_110)
FNDA:0,(anonymous_111)
FNDA:0,(anonymous_112)
FNDA:0,(anonymous_113)
FNDA:0,(anonymous_114)
FNDA:0,(anonymous_115)
FNDA:0,(anonymous_116)
FNDA:0,(anonymous_117)
FNDA:0,(anonymous_118)
FNDA:0,(anonymous_119)
FNDA:0,(anonymous_120)
FNDA:0,(anonymous_121)
FNDA:0,(anonymous_122)
FNDA:0,(anonymous_123)
FNDA:0,(anonymous_124)
FNDA:0,(anonymous_125)
FNDA:0,(anonymous_126)
FNDA:0,(anonymous_127)
FNDA:0,(anonymous_128)
FNDA:0,(anonymous_129)
FNDA:0,(anonymous_130)
FNDA:0,(anonymous_131)
FNDA:0,(anonymous_132)
FNDA:0,(anonymous_133)
FNDA:0,(anonymous_134)
FNDA:0,(anonymous_135)
FNDA:0,(anonymous_136)
FNDA:0,(anonymous_137)
FNDA:0,(anonymous_138)
FNDA:0,(anonymous_139)
FNDA:0,(anonymous_140)
FNDA:0,(anonymous_141)
FNDA:0,(anonymous_142)
FNDA:0,(anonymous_143)
FNDA:0,(anonymous_144)
FNDA:0,(anonymous_145)
FNDA:0,(anonymous_146)
FNDA:0,(anonymous_147)
FNDA:0,(anonymous_148)
FNDA:0,(anonymous_149)
FNDA:0,(anonymous_150)
FNDA:0,(anonymous_151)
FNDA:0,(anonymous_152)
FNDA:0,(anonymous_153)
FNDA:0,(anonymous_154)
FNDA:0,(anonymous_155)
FNDA:0,(anonymous_156)
FNDA:0,(anonymous_157)
FNDA:0,(anonymous_158)
FNDA:0,(anonymous_159)
FNDA:0,(anonymous_160)
FNDA:0,(anonymous_161)
FNDA:0,(anonymous_162)
FNDA:0,(anonymous_163)
FNDA:0,(anonymous_164)
FNDA:0,(anonymous_165)
FNDA:0,(anonymous_166)
FNDA:0,(anonymous_167)
FNDA:0,(anonymous_168)
FNDA:0,(anonymous_169)
FNDA:0,getDailyStats
FNDA:0,(anonymous_171)
FNDA:0,(anonymous_172)
FNDA:0,getTopPaymentMethods
FNDA:0,(anonymous_174)
FNDA:0,(anonymous_175)
FNDA:0,(anonymous_176)
FNDA:0,getTopEvents
FNDA:0,(anonymous_178)
FNDA:0,(anonymous_179)
FNDA:0,(anonymous_180)
DA:2,0
DA:3,0
DA:4,0
DA:5,0
DA:6,0
DA:9,0
DA:14,0
DA:17,0
DA:18,0
DA:21,0
DA:22,0
DA:23,0
DA:25,0
DA:26,0
DA:28,0
DA:29,0
DA:31,0
DA:42,0
DA:43,0
DA:47,0
DA:48,0
DA:49,0
DA:50,0
DA:53,0
DA:54,0
DA:55,0
DA:57,0
DA:68,0
DA:73,0
DA:77,0
DA:78,0
DA:79,0
DA:81,0
DA:86,0
DA:91,0
DA:92,0
DA:95,0
DA:96,0
DA:99,0
DA:100,0
DA:102,0
DA:106,0
DA:111,0
DA:112,0
DA:115,0
DA:116,0
DA:119,0
DA:120,0
DA:122,0
DA:126,0
DA:131,0
DA:135,0
DA:140,0
DA:145,0
DA:148,0
DA:149,0
DA:151,0
DA:153,0
DA:154,0
DA:155,0
DA:156,0
DA:157,0
DA:158,0
DA:164,0
DA:170,0
DA:175,0
DA:178,0
DA:179,0
DA:180,0
DA:185,0
DA:190,0
DA:194,0
DA:195,0
DA:196,0
DA:198,0
DA:203,0
DA:208,0
DA:209,0
DA:212,0
DA:217,0
DA:222,0
DA:223,0
DA:227,0
DA:232,0
DA:237,0
DA:241,0
DA:247,0
DA:252,0
DA:253,0
DA:255,0
DA:260,0
DA:261,0
DA:263,0
DA:268,0
DA:269,0
DA:271,0
DA:276,0
DA:277,0
DA:281,0
DA:286,0
DA:287,0
DA:289,0
DA:294,0
DA:295,0
DA:297,0
DA:302,0
DA:303,0
DA:307,0
DA:312,0
DA:315,0
DA:316,0
DA:320,0
DA:322,0
DA:323,0
DA:326,0
DA:327,0
DA:330,0
DA:331,0
DA:332,0
DA:338,0
DA:339,0
DA:341,0
DA:353,0
DA:354,0
DA:357,0
DA:358,0
DA:359,0
DA:364,0
DA:365,0
DA:366,0
DA:367,0
DA:370,0
DA:371,0
DA:372,0
DA:374,0
DA:385,0
DA:390,0
DA:391,0
DA:394,0
DA:399,0
DA:404,0
DA:408,0
DA:409,0
DA:410,0
DA:412,0
DA:417,0
DA:422,0
DA:423,0
DA:427,0
DA:432,0
DA:437,0
DA:441,0
DA:447,0
DA:452,0
DA:455,0
DA:456,0
DA:458,0
DA:460,0
DA:462,0
DA:464,0
DA:466,0
DA:468,0
DA:476,0
DA:485,0
DA:487,0
DA:488,0
DA:489,0
DA:494,0
DA:495,0
DA:496,0
DA:504,0
DA:506,0
DA:507,0
DA:508,0
DA:512,0
DA:513,0
DA:514,0
DA:522,0
DA:524,0
DA:525,0
DA:526,0
DA:527,0
DA:528,0
DA:532,0
DA:533,0
DA:534,0
DA:541,0
DA:543,0
DA:544,0
DA:545,0
DA:549,0
DA:550,0
DA:551,0
DA:559,0
DA:561,0
DA:562,0
DA:563,0
DA:564,0
DA:565,0
DA:569,0
DA:570,0
DA:571,0
DA:579,0
DA:580,0
DA:581,0
DA:582,0
DA:584,0
DA:589,0
DA:590,0
DA:593,0
DA:596,0
DA:599,0
DA:600,0
DA:607,0
DA:611,0
DA:612,0
DA:619,0
DA:623,0
DA:624,0
DA:631,0
DA:637,0
DA:642,0
DA:653,0
DA:654,0
DA:655,0
DA:657,0
DA:660,0
DA:661,0
DA:662,0
DA:663,0
DA:667,0
DA:668,0
DA:669,0
DA:670,0
DA:674,0
DA:675,0
DA:676,0
DA:677,0
DA:681,0
DA:682,0
DA:685,0
DA:686,0
DA:688,0
DA:690,0
DA:691,0
DA:694,0
DA:696,0
DA:697,0
DA:700,0
DA:738,0
DA:743,0
DA:754,0
DA:755,0
DA:756,0
DA:757,0
DA:759,0
DA:764,0
DA:765,0
DA:770,0
DA:772,0
DA:773,0
DA:774,0
DA:775,0
DA:776,0
DA:779,0
DA:782,0
DA:783,0
DA:785,0
DA:786,0
DA:787,0
DA:788,0
DA:794,0
DA:797,0
DA:799,0
DA:800,0
DA:802,0
DA:803,0
DA:805,0
DA:806,0
DA:808,0
DA:811,0
DA:812,0
DA:813,0
DA:816,0
DA:817,0
DA:819,0
DA:824,0
DA:835,0
DA:836,0
DA:837,0
DA:838,0
DA:840,0
DA:845,0
DA:846,0
DA:851,0
DA:853,0
DA:854,0
DA:855,0
DA:856,0
DA:857,0
DA:860,0
DA:863,0
DA:864,0
DA:865,0
DA:867,0
DA:868,0
DA:869,0
DA:870,0
DA:871,0
DA:874,0
DA:881,0
DA:884,0
DA:886,0
DA:887,0
DA:889,0
DA:890,0
DA:892,0
DA:893,0
DA:895,0
DA:898,0
DA:900,0
DA:901,0
DA:904,0
DA:905,0
DA:907,0
DA:912,0
DA:923,0
DA:924,0
DA:925,0
DA:926,0
DA:928,0
DA:933,0
DA:934,0
DA:939,0
DA:941,0
DA:942,0
DA:943,0
DA:944,0
DA:945,0
DA:948,0
DA:951,0
DA:952,0
DA:953,0
DA:954,0
DA:956,0
DA:957,0
DA:958,0
DA:959,0
DA:960,0
DA:961,0
DA:967,0
DA:970,0
DA:972,0
DA:973,0
DA:975,0
DA:976,0
DA:978,0
DA:979,0
DA:981,0
DA:984,0
DA:986,0
DA:987,0
DA:990,0
DA:991,0
DA:994,0
DA:995,0
DA:997,0
DA:1002,0
DA:1007,0
DA:1018,0
DA:1019,0
DA:1020,0
DA:1021,0
DA:1023,0
DA:1025,0
DA:1027,0
DA:1029,0
DA:1030,0
DA:1031,0
DA:1033,0
DA:1034,0
DA:1035,0
DA:1037,0
DA:1038,0
DA:1042,0
DA:1044,0
DA:1048,0
DA:1049,0
DA:1050,0
DA:1051,0
DA:1052,0
DA:1059,0
DA:1061,0
DA:1062,0
DA:1064,0
DA:1065,0
DA:1066,0
DA:1067,0
DA:1069,0
DA:1072,0
DA:1075,0
DA:1078,0
DA:1083,0
DA:1087,0
DA:1091,0
DA:1100,0
DA:1101,0
DA:1102,0
DA:1103,0
DA:1105,0
DA:1108,0
DA:1111,0
DA:1112,0
DA:1115,0
DA:1116,0
DA:1124,0
DA:1125,0
DA:1126,0
DA:1127,0
DA:1128,0
DA:1132,0
DA:1137,0
DA:1142,0
DA:1153,0
DA:1154,0
DA:1155,0
DA:1156,0
DA:1157,0
DA:1159,0
DA:1162,0
DA:1163,0
DA:1165,0
DA:1166,0
DA:1169,0
DA:1171,0
DA:1172,0
DA:1176,0
DA:1186,0
DA:1206,0
DA:1209,0
DA:1223,0
DA:1228,0
DA:1243,0
DA:1244,0
DA:1245,0
DA:1246,0
DA:1247,0
DA:1249,0
DA:1252,0
DA:1253,0
DA:1255,0
DA:1256,0
DA:1259,0
DA:1261,0
DA:1262,0
DA:1266,0
DA:1276,0
DA:1291,0
DA:1296,0
DA:1311,0
DA:1312,0
DA:1313,0
DA:1314,0
DA:1316,0
DA:1319,0
DA:1322,0
DA:1324,0
DA:1325,0
DA:1327,0
DA:1328,0
DA:1330,0
DA:1331,0
DA:1333,0
DA:1337,0
DA:1341,0
DA:1348,0
DA:1350,0
DA:1351,0
DA:1352,0
DA:1353,0
DA:1355,0
DA:1356,0
DA:1358,0
DA:1361,0
DA:1364,0
DA:1374,0
DA:1379,0
DA:1389,0
DA:1392,0
DA:1393,0
DA:1394,0
DA:1398,0
DA:1399,0
DA:1400,0
DA:1401,0
DA:1402,0
DA:1406,0
DA:1413,0
DA:1415,0
DA:1416,0
DA:1417,0
DA:1420,0
DA:1421,0
DA:1422,0
DA:1427,0
DA:1429,0
DA:1430,0
DA:1431,0
DA:1435,0
DA:1436,0
DA:1437,0
LF:511
LH:0
BRDA:22,0,0,0
BRDA:25,1,0,0
BRDA:28,2,0,0
BRDA:31,3,0,0
BRDA:31,3,1,0
BRDA:31,3,2,0
BRDA:31,4,0,0
BRDA:31,4,1,0
BRDA:31,5,0,0
BRDA:31,5,1,0
BRDA:34,6,0,0
BRDA:34,6,1,0
BRDA:34,7,0,0
BRDA:34,7,1,0
BRDA:37,8,0,0
BRDA:37,8,1,0
BRDA:37,9,0,0
BRDA:37,9,1,0
BRDA:42,10,0,0
BRDA:47,11,0,0
BRDA:47,11,1,0
BRDA:48,12,0,0
BRDA:48,12,1,0
BRDA:77,13,0,0
BRDA:95,14,0,0
BRDA:115,15,0,0
BRDA:194,16,0,0
BRDA:322,17,0,0
BRDA:326,18,0,0
BRDA:330,19,0,0
BRDA:332,20,0,0
BRDA:332,20,1,0
BRDA:332,21,0,0
BRDA:332,21,1,0
BRDA:338,22,0,0
BRDA:341,23,0,0
BRDA:341,23,1,0
BRDA:341,23,2,0
BRDA:341,24,0,0
BRDA:341,24,1,0
BRDA:341,25,0,0
BRDA:341,25,1,0
BRDA:344,26,0,0
BRDA:344,26,1,0
BRDA:344,27,0,0
BRDA:344,27,1,0
BRDA:347,28,0,0
BRDA:347,28,1,0
BRDA:347,29,0,0
BRDA:347,29,1,0
BRDA:353,30,0,0
BRDA:357,31,0,0
BRDA:364,32,0,0
BRDA:364,32,1,0
BRDA:365,33,0,0
BRDA:365,33,1,0
BRDA:408,34,0,0
BRDA:488,35,0,0
BRDA:490,36,0,0
BRDA:490,36,1,0
BRDA:507,37,0,0
BRDA:508,38,0,0
BRDA:508,38,1,0
BRDA:525,39,0,0
BRDA:528,40,0,0
BRDA:528,40,1,0
BRDA:544,41,0,0
BRDA:545,42,0,0
BRDA:545,42,1,0
BRDA:562,43,0,0
BRDA:565,44,0,0
BRDA:565,44,1,0
BRDA:581,45,0,0
BRDA:581,46,0,0
BRDA:589,47,0,0
BRDA:589,48,0,0
BRDA:589,48,1,0
BRDA:593,49,0,0
BRDA:593,49,1,0
BRDA:599,50,0,0
BRDA:611,51,0,0
BRDA:623,52,0,0
BRDA:690,53,0,0
BRDA:690,53,1,0
BRDA:690,54,0,0
BRDA:690,54,1,0
BRDA:690,55,0,0
BRDA:690,55,1,0
BRDA:690,56,0,0
BRDA:690,56,1,0
BRDA:690,57,0,0
BRDA:690,57,1,0
BRDA:696,58,0,0
BRDA:696,58,1,0
BRDA:696,59,0,0
BRDA:696,59,1,0
BRDA:696,60,0,0
BRDA:696,60,1,0
BRDA:696,61,0,0
BRDA:696,61,1,0
BRDA:696,62,0,0
BRDA:696,62,1,0
BRDA:706,63,0,0
BRDA:706,63,1,0
BRDA:713,64,0,0
BRDA:713,64,1,0
BRDA:721,65,0,0
BRDA:721,65,1,0
BRDA:756,66,0,0
BRDA:756,67,0,0
BRDA:772,68,0,0
BRDA:772,68,1,0
BRDA:774,69,0,0
BRDA:774,69,1,0
BRDA:775,70,0,0
BRDA:775,70,1,0
BRDA:785,71,0,0
BRDA:797,72,0,0
BRDA:797,72,1,0
BRDA:797,72,2,0
BRDA:797,72,3,0
BRDA:812,73,0,0
BRDA:812,73,1,0
BRDA:812,74,0,0
BRDA:812,74,1,0
BRDA:812,75,0,0
BRDA:812,75,1,0
BRDA:812,76,0,0
BRDA:812,76,1,0
BRDA:812,77,0,0
BRDA:812,77,1,0
BRDA:837,78,0,0
BRDA:837,79,0,0
BRDA:853,80,0,0
BRDA:853,80,1,0
BRDA:855,81,0,0
BRDA:855,81,1,0
BRDA:856,82,0,0
BRDA:856,82,1,0
BRDA:867,83,0,0
BRDA:869,84,0,0
BRDA:869,84,1,0
BRDA:870,85,0,0
BRDA:870,85,1,0
BRDA:884,86,0,0
BRDA:884,86,1,0
BRDA:884,86,2,0
BRDA:884,86,3,0
BRDA:900,87,0,0
BRDA:900,87,1,0
BRDA:900,88,0,0
BRDA:900,88,1,0
BRDA:900,89,0,0
BRDA:900,89,1,0
BRDA:900,90,0,0
BRDA:900,90,1,0
BRDA:900,91,0,0
BRDA:900,91,1,0
BRDA:925,92,0,0
BRDA:925,93,0,0
BRDA:941,94,0,0
BRDA:941,94,1,0
BRDA:943,95,0,0
BRDA:943,95,1,0
BRDA:944,96,0,0
BRDA:944,96,1,0
BRDA:956,97,0,0
BRDA:970,98,0,0
BRDA:970,98,1,0
BRDA:970,98,2,0
BRDA:970,98,3,0
BRDA:986,99,0,0
BRDA:986,99,1,0
BRDA:986,100,0,0
BRDA:986,100,1,0
BRDA:986,101,0,0
BRDA:986,101,1,0
BRDA:986,102,0,0
BRDA:986,102,1,0
BRDA:986,103,0,0
BRDA:986,103,1,0
BRDA:998,104,0,0
BRDA:998,104,1,0
BRDA:1020,105,0,0
BRDA:1027,106,0,0
BRDA:1027,106,1,0
BRDA:1027,106,2,0
BRDA:1027,106,3,0
BRDA:1048,107,0,0
BRDA:1059,108,0,0
BRDA:1059,108,1,0
BRDA:1061,109,0,0
BRDA:1061,109,1,0
BRDA:1067,110,0,0
BRDA:1067,110,1,0
BRDA:1085,111,0,0
BRDA:1085,111,1,0
BRDA:1103,112,0,0
BRDA:1103,113,0,0
BRDA:1111,114,0,0
BRDA:1119,115,0,0
BRDA:1119,115,1,0
BRDA:1119,116,0,0
BRDA:1119,116,1,0
BRDA:1120,117,0,0
BRDA:1120,117,1,0
BRDA:1120,118,0,0
BRDA:1120,118,1,0
BRDA:1134,119,0,0
BRDA:1134,119,1,0
BRDA:1165,120,0,0
BRDA:1171,121,0,0
BRDA:1180,122,0,0
BRDA:1180,122,1,0
BRDA:1181,123,0,0
BRDA:1181,123,1,0
BRDA:1189,124,0,0
BRDA:1189,124,1,0
BRDA:1255,125,0,0
BRDA:1261,126,0,0
BRDA:1270,127,0,0
BRDA:1270,127,1,0
BRDA:1271,128,0,0
BRDA:1271,128,1,0
BRDA:1280,129,0,0
BRDA:1280,129,1,0
BRDA:1314,130,0,0
BRDA:1322,131,0,0
BRDA:1322,131,1,0
BRDA:1322,131,2,0
BRDA:1322,131,3,0
BRDA:1344,132,0,0
BRDA:1344,132,1,0
BRDA:1344,133,0,0
BRDA:1344,133,1,0
BRDA:1353,134,0,0
BRDA:1353,134,1,0
BRDA:1356,135,0,0
BRDA:1356,135,1,0
BRDA:1357,136,0,0
BRDA:1357,136,1,0
BRDA:1358,137,0,0
BRDA:1358,137,1,0
BRDA:1360,138,0,0
BRDA:1360,138,1,0
BRDA:1363,139,0,0
BRDA:1363,139,1,0
BRDA:1400,140,0,0
BRDA:1402,141,0,0
BRDA:1402,141,1,0
BRDA:1416,142,0,0
BRDA:1416,142,1,0
BRDA:1417,143,0,0
BRDA:1417,143,1,0
BRDA:1430,144,0,0
BRDA:1431,145,0,0
BRDA:1431,145,1,0
BRF:257
BRH:0
end_of_record
TN:
SF:src\controllers\advancedSearchController.ts
FN:12,(anonymous_7)
FN:22,(anonymous_8)
FN:74,(anonymous_10)
FN:83,(anonymous_11)
FN:83,(anonymous_12)
FN:94,(anonymous_13)
FN:107,(anonymous_14)
FN:115,(anonymous_15)
FN:115,(anonymous_16)
FN:176,(anonymous_17)
FN:265,(anonymous_19)
FN:305,(anonymous_21)
FN:339,(anonymous_23)
FN:374,(anonymous_25)
FN:422,(anonymous_27)
FNF:15
FNH:12
FNDA:15,(anonymous_7)
FNDA:3,(anonymous_8)
FNDA:1,(anonymous_10)
FNDA:1,(anonymous_11)
FNDA:1,(anonymous_12)
FNDA:1,(anonymous_13)
FNDA:0,(anonymous_14)
FNDA:0,(anonymous_15)
FNDA:0,(anonymous_16)
FNDA:3,(anonymous_17)
FNDA:2,(anonymous_19)
FNDA:2,(anonymous_21)
FNDA:2,(anonymous_23)
FNDA:2,(anonymous_25)
FNDA:1,(anonymous_27)
DA:2,1
DA:3,1
DA:4,1
DA:5,1
DA:7,1
DA:13,15
DA:14,15
DA:15,15
DA:23,3
DA:24,3
DA:35,3
DA:38,3
DA:39,1
DA:45,2
DA:46,2
DA:49,2
DA:61,2
DA:62,1
DA:74,1
DA:75,1
DA:82,1
DA:83,1
DA:84,1
DA:94,1
DA:96,1
DA:107,1
DA:108,0
DA:109,0
DA:110,0
DA:114,1
DA:115,0
DA:116,0
DA:123,0
DA:132,1
DA:153,1
DA:161,1
DA:163,0
DA:164,0
DA:177,3
DA:178,3
DA:180,3
DA:182,3
DA:183,1
DA:189,2
DA:190,2
DA:193,2
DA:195,2
DA:196,1
DA:202,1
DA:203,1
DA:214,0
DA:222,0
DA:223,0
DA:224,0
DA:234,0
DA:250,0
DA:252,0
DA:253,0
DA:266,2
DA:267,2
DA:269,2
DA:270,2
DA:272,2
DA:273,1
DA:279,1
DA:285,1
DA:287,1
DA:292,0
DA:293,0
DA:306,2
DA:307,2
DA:309,2
DA:310,2
DA:312,2
DA:313,1
DA:319,1
DA:321,1
DA:326,0
DA:327,0
DA:340,2
DA:341,2
DA:343,2
DA:344,2
DA:346,2
DA:347,1
DA:353,1
DA:354,1
DA:356,1
DA:361,0
DA:362,0
DA:375,2
DA:376,2
DA:386,2
DA:388,2
DA:389,1
DA:395,1
DA:405,1
DA:410,0
DA:411,0
DA:423,1
DA:424,1
DA:427,1
DA:430,1
DA:433,1
DA:436,1
DA:438,1
LF:106
LH:82
BRDA:33,0,0,3
BRDA:34,1,0,3
BRDA:38,2,0,1
BRDA:38,3,0,3
BRDA:38,3,1,2
BRDA:38,3,2,2
BRDA:38,3,3,2
BRDA:38,3,4,2
BRDA:57,4,0,2
BRDA:57,4,1,0
BRDA:57,5,0,2
BRDA:57,5,1,2
BRDA:58,6,0,2
BRDA:58,6,1,0
BRDA:58,7,0,2
BRDA:58,7,1,2
BRDA:61,8,0,1
BRDA:182,9,0,1
BRDA:182,10,0,3
BRDA:182,10,1,2
BRDA:182,10,2,2
BRDA:195,11,0,1
BRDA:202,12,0,1
BRDA:202,13,0,1
BRDA:202,13,1,0
BRDA:218,14,0,0
BRDA:218,14,1,0
BRDA:223,15,0,0
BRDA:228,16,0,0
BRDA:228,16,1,0
BRDA:242,17,0,0
BRDA:242,17,1,0
BRDA:272,18,0,1
BRDA:312,19,0,1
BRDA:346,20,0,1
BRDA:353,21,0,1
BRDA:353,21,1,0
BRDA:385,22,0,2
BRDA:388,23,0,1
BRDA:388,24,0,2
BRDA:388,24,1,1
BRDA:388,24,2,1
BRDA:388,24,3,1
BRDA:388,24,4,1
BRDA:388,24,5,1
BRF:45
BRH:34
end_of_record
TN:
SF:src\controllers\analyticsController.ts
FN:13,(anonymous_7)
FN:13,(anonymous_8)
FN:46,(anonymous_9)
FN:46,(anonymous_10)
FN:79,(anonymous_11)
FN:79,(anonymous_12)
FN:110,(anonymous_13)
FN:110,(anonymous_14)
FN:144,(anonymous_15)
FN:144,(anonymous_16)
FN:171,(anonymous_17)
FN:171,(anonymous_18)
FN:196,(anonymous_19)
FN:196,(anonymous_20)
FN:223,(anonymous_21)
FN:223,(anonymous_22)
FN:273,(anonymous_23)
FN:273,(anonymous_24)
FN:341,convertToCSV
FN:349,(anonymous_26)
FN:359,(anonymous_27)
FNF:21
FNH:0
FNDA:0,(anonymous_7)
FNDA:0,(anonymous_8)
FNDA:0,(anonymous_9)
FNDA:0,(anonymous_10)
FNDA:0,(anonymous_11)
FNDA:0,(anonymous_12)
FNDA:0,(anonymous_13)
FNDA:0,(anonymous_14)
FNDA:0,(anonymous_15)
FNDA:0,(anonymous_16)
FNDA:0,(anonymous_17)
FNDA:0,(anonymous_18)
FNDA:0,(anonymous_19)
FNDA:0,(anonymous_20)
FNDA:0,(anonymous_21)
FNDA:0,(anonymous_22)
FNDA:0,(anonymous_23)
FNDA:0,(anonymous_24)
FNDA:0,convertToCSV
FNDA:0,(anonymous_26)
FNDA:0,(anonymous_27)
DA:2,0
DA:6,0
DA:7,0
DA:12,0
DA:13,0
DA:14,0
DA:22,0
DA:26,0
DA:28,0
DA:35,0
DA:45,0
DA:46,0
DA:47,0
DA:55,0
DA:59,0
DA:61,0
DA:68,0
DA:78,0
DA:79,0
DA:80,0
DA:86,0
DA:90,0
DA:92,0
DA:99,0
DA:109,0
DA:110,0
DA:111,0
DA:120,0
DA:124,0
DA:126,0
DA:133,0
DA:143,0
DA:144,0
DA:145,0
DA:147,0
DA:151,0
DA:153,0
DA:160,0
DA:170,0
DA:171,0
DA:172,0
DA:176,0
DA:178,0
DA:185,0
DA:195,0
DA:196,0
DA:197,0
DA:199,0
DA:203,0
DA:205,0
DA:212,0
DA:222,0
DA:223,0
DA:224,0
DA:229,0
DA:239,0
DA:247,0
DA:256,0
DA:272,0
DA:273,0
DA:274,0
DA:275,0
DA:284,0
DA:291,0
DA:293,0
DA:294,0
DA:295,0
DA:297,0
DA:298,0
DA:299,0
DA:301,0
DA:302,0
DA:303,0
DA:305,0
DA:306,0
DA:307,0
DA:309,0
DA:310,0
DA:311,0
DA:313,0
DA:314,0
DA:315,0
DA:317,0
DA:321,0
DA:323,0
DA:332,0
DA:333,0
DA:334,0
DA:342,0
DA:343,0
DA:345,0
DA:346,0
DA:348,0
DA:349,0
DA:350,0
DA:351,0
DA:353,0
DA:356,0
DA:359,0
DA:360,0
LF:100
LH:0
BRDA:23,0,0,0
BRDA:23,0,1,0
BRDA:23,1,0,0
BRDA:23,1,1,0
BRDA:31,2,0,0
BRDA:31,2,1,0
BRDA:31,3,0,0
BRDA:31,3,1,0
BRDA:56,4,0,0
BRDA:56,4,1,0
BRDA:56,5,0,0
BRDA:56,5,1,0
BRDA:64,6,0,0
BRDA:64,6,1,0
BRDA:64,7,0,0
BRDA:64,7,1,0
BRDA:87,8,0,0
BRDA:87,8,1,0
BRDA:87,9,0,0
BRDA:87,9,1,0
BRDA:95,10,0,0
BRDA:95,10,1,0
BRDA:95,11,0,0
BRDA:95,11,1,0
BRDA:121,12,0,0
BRDA:121,12,1,0
BRDA:121,13,0,0
BRDA:121,13,1,0
BRDA:129,14,0,0
BRDA:129,14,1,0
BRDA:129,15,0,0
BRDA:129,15,1,0
BRDA:145,16,0,0
BRDA:145,16,1,0
BRDA:148,17,0,0
BRDA:148,17,1,0
BRDA:148,18,0,0
BRDA:148,18,1,0
BRDA:156,19,0,0
BRDA:156,19,1,0
BRDA:156,20,0,0
BRDA:156,20,1,0
BRDA:173,21,0,0
BRDA:173,21,1,0
BRDA:173,22,0,0
BRDA:173,22,1,0
BRDA:181,23,0,0
BRDA:181,23,1,0
BRDA:181,24,0,0
BRDA:181,24,1,0
BRDA:197,25,0,0
BRDA:197,25,1,0
BRDA:200,26,0,0
BRDA:200,26,1,0
BRDA:200,27,0,0
BRDA:200,27,1,0
BRDA:208,28,0,0
BRDA:208,28,1,0
BRDA:208,29,0,0
BRDA:208,29,1,0
BRDA:230,30,0,0
BRDA:230,30,1,0
BRDA:230,31,0,0
BRDA:230,31,1,0
BRDA:252,32,0,0
BRDA:252,32,1,0
BRDA:252,33,0,0
BRDA:252,33,1,0
BRDA:285,34,0,0
BRDA:285,34,1,0
BRDA:285,35,0,0
BRDA:285,35,1,0
BRDA:291,36,0,0
BRDA:291,36,1,0
BRDA:291,36,2,0
BRDA:291,36,3,0
BRDA:291,36,4,0
BRDA:291,36,5,0
BRDA:291,36,6,0
BRDA:328,37,0,0
BRDA:328,37,1,0
BRDA:328,38,0,0
BRDA:328,38,1,0
BRDA:342,39,0,0
BRDA:342,39,1,0
BRDA:343,40,0,0
BRDA:351,41,0,0
BRDA:351,41,1,0
BRF:88
BRH:0
end_of_record
TN:
SF:src\controllers\authController.ts
FN:76,registerController
FN:145,loginController
FN:184,(anonymous_20)
FN:187,(anonymous_21)
FN:217,(anonymous_22)
FN:217,(anonymous_23)
FN:308,(anonymous_24)
FN:308,(anonymous_25)
FN:330,(anonymous_26)
FN:330,(anonymous_27)
FN:356,(anonymous_28)
FN:359,(anonymous_29)
FN:532,(anonymous_30)
FN:535,(anonymous_31)
FN:648,(anonymous_32)
FN:651,(anonymous_33)
FN:784,generateVerificationCode
FN:789,cleanupExpiredCodes
FN:804,(anonymous_36)
FN:804,(anonymous_37)
FN:942,(anonymous_38)
FN:942,(anonymous_39)
FN:1000,(anonymous_40)
FN:1000,(anonymous_41)
FNF:24
FNH:17
FNDA:6,registerController
FNDA:5,loginController
FNDA:3,(anonymous_20)
FNDA:3,(anonymous_21)
FNDA:0,(anonymous_22)
FNDA:0,(anonymous_23)
FNDA:0,(anonymous_24)
FNDA:0,(anonymous_25)
FNDA:0,(anonymous_26)
FNDA:0,(anonymous_27)
FNDA:3,(anonymous_28)
FNDA:3,(anonymous_29)
FNDA:3,(anonymous_30)
FNDA:3,(anonymous_31)
FNDA:5,(anonymous_32)
FNDA:5,(anonymous_33)
FNDA:1,generateVerificationCode
FNDA:0,cleanupExpiredCodes
FNDA:2,(anonymous_36)
FNDA:2,(anonymous_37)
FNDA:3,(anonymous_38)
FNDA:3,(anonymous_39)
FNDA:3,(anonymous_40)
FNDA:3,(anonymous_41)
DA:2,1
DA:3,1
DA:11,1
DA:12,1
DA:13,1
DA:14,1
DA:15,1
DA:76,1
DA:77,6
DA:85,6
DA:86,6
DA:90,6
DA:91,1
DA:94,1
DA:96,5
DA:97,1
DA:100,1
DA:102,4
DA:103,1
DA:104,1
DA:106,3
DA:108,3
DA:109,3
DA:117,2
DA:118,1
DA:119,1
DA:120,1
DA:123,1
DA:124,1
DA:125,0
DA:128,0
DA:129,1
DA:130,1
DA:134,1
DA:137,1
DA:140,1
DA:141,1
DA:145,1
DA:146,5
DA:147,5
DA:148,5
DA:149,1
DA:150,1
DA:152,4
DA:153,1
DA:156,1
DA:158,3
DA:159,3
DA:160,1
DA:163,1
DA:165,2
DA:166,2
DA:167,2
DA:168,2
DA:169,2
DA:170,2
DA:171,1
DA:172,1
DA:174,1
DA:175,1
DA:177,0
DA:180,0
DA:184,1
DA:187,3
DA:188,3
DA:189,3
DA:190,3
DA:191,2
DA:192,0
DA:194,2
DA:195,0
DA:198,0
DA:201,2
DA:202,2
DA:204,2
DA:205,2
DA:206,1
DA:207,1
DA:208,1
DA:210,2
DA:212,1
DA:213,1
DA:217,1
DA:218,0
DA:219,0
DA:220,0
DA:275,0
DA:276,0
DA:277,0
DA:278,0
DA:279,0
DA:281,0
DA:282,0
DA:285,0
DA:287,0
DA:291,0
DA:292,0
DA:295,0
DA:297,0
DA:298,0
DA:301,0
DA:304,0
DA:308,1
DA:309,0
DA:310,0
DA:311,0
DA:312,0
DA:313,0
DA:314,0
DA:316,0
DA:317,0
DA:318,0
DA:319,0
DA:320,0
DA:322,0
DA:323,0
DA:324,0
DA:326,0
DA:330,1
DA:331,0
DA:332,0
DA:333,0
DA:334,0
DA:335,0
DA:337,0
DA:338,0
DA:339,0
DA:342,0
DA:344,0
DA:345,0
DA:346,0
DA:348,0
DA:351,0
DA:356,1
DA:359,3
DA:360,3
DA:367,3
DA:369,3
DA:375,3
DA:376,0
DA:383,3
DA:384,0
DA:391,3
DA:392,0
DA:399,3
DA:400,0
DA:407,3
DA:408,3
DA:409,1
DA:416,2
DA:417,2
DA:420,2
DA:431,2
DA:438,2
DA:502,2
DA:504,1
DA:509,1
DA:519,1
DA:523,1
DA:532,1
DA:535,3
DA:536,3
DA:540,3
DA:542,3
DA:548,3
DA:549,3
DA:556,0
DA:557,0
DA:564,0
DA:565,0
DA:566,0
DA:573,0
DA:574,0
DA:575,0
DA:582,0
DA:583,0
DA:590,0
DA:591,0
DA:592,0
DA:599,0
DA:600,0
DA:602,0
DA:604,0
DA:607,0
DA:609,0
DA:614,0
DA:629,0
DA:636,0
DA:640,0
DA:648,1
DA:651,5
DA:652,5
DA:653,5
DA:654,5
DA:658,5
DA:659,1
DA:660,1
DA:662,4
DA:663,4
DA:667,4
DA:671,4
DA:672,1
DA:673,3
DA:674,1
DA:675,2
DA:676,1
DA:680,1
DA:683,0
DA:686,0
DA:690,0
DA:766,1
DA:785,1
DA:790,0
DA:791,0
DA:792,0
DA:793,0
DA:799,1
DA:800,0
DA:804,2
DA:805,2
DA:806,2
DA:808,2
DA:809,0
DA:810,0
DA:813,2
DA:814,0
DA:815,0
DA:819,2
DA:820,2
DA:821,0
DA:822,0
DA:826,2
DA:827,1
DA:830,1
DA:834,1
DA:835,1
DA:838,1
DA:844,1
DA:924,1
DA:925,1
DA:927,1
DA:932,0
DA:933,0
DA:936,0
DA:937,0
DA:942,3
DA:943,3
DA:944,3
DA:946,3
DA:947,1
DA:948,1
DA:951,2
DA:952,0
DA:953,0
DA:957,2
DA:958,2
DA:959,1
DA:960,1
DA:964,1
DA:965,1
DA:968,1
DA:972,0
DA:973,0
DA:974,0
DA:975,0
DA:978,0
DA:979,0
DA:980,0
DA:981,0
DA:984,0
DA:985,0
DA:986,0
DA:989,0
DA:994,0
DA:995,0
DA:1000,3
DA:1001,3
DA:1002,3
DA:1004,3
DA:1005,1
DA:1008,1
DA:1011,2
DA:1012,0
DA:1013,0
DA:1016,2
DA:1017,1
DA:1020,1
DA:1024,1
DA:1025,1
DA:1026,0
DA:1027,0
DA:1031,1
DA:1032,1
DA:1035,1
DA:1039,0
DA:1040,0
DA:1041,0
DA:1042,0
DA:1045,0
DA:1046,0
DA:1047,0
DA:1048,0
DA:1051,0
DA:1052,0
DA:1053,0
DA:1057,0
DA:1060,0
DA:1065,0
DA:1066,0
DA:1067,0
DA:1068,0
DA:1072,0
DA:1074,0
DA:1079,0
DA:1080,0
LF:315
LH:174
BRDA:90,0,0,1
BRDA:90,1,0,6
BRDA:90,1,1,6
BRDA:90,1,2,6
BRDA:90,1,3,5
BRDA:90,1,4,5
BRDA:96,2,0,1
BRDA:102,3,0,1
BRDA:108,4,0,0
BRDA:108,4,1,3
BRDA:117,5,0,1
BRDA:117,5,1,1
BRDA:124,6,0,0
BRDA:124,6,1,1
BRDA:129,7,0,1
BRDA:148,8,0,1
BRDA:148,9,0,5
BRDA:148,9,1,5
BRDA:152,10,0,1
BRDA:159,11,0,1
BRDA:170,12,0,1
BRDA:191,13,0,0
BRDA:191,14,0,2
BRDA:191,14,1,2
BRDA:194,15,0,0
BRDA:201,16,0,2
BRDA:205,17,0,1
BRDA:277,18,0,0
BRDA:281,19,0,0
BRDA:291,20,0,0
BRDA:291,20,1,0
BRDA:312,21,0,0
BRDA:312,22,0,0
BRDA:312,22,1,0
BRDA:317,23,0,0
BRDA:333,24,0,0
BRDA:333,25,0,0
BRDA:333,25,1,0
BRDA:338,26,0,0
BRDA:345,27,0,0
BRDA:345,27,1,0
BRDA:375,28,0,0
BRDA:375,29,0,3
BRDA:375,29,1,3
BRDA:375,29,2,3
BRDA:375,29,3,3
BRDA:375,29,4,3
BRDA:383,30,0,0
BRDA:391,31,0,0
BRDA:399,32,0,0
BRDA:408,33,0,1
BRDA:461,34,0,2
BRDA:461,34,1,0
BRDA:526,35,0,1
BRDA:526,35,1,0
BRDA:548,36,0,3
BRDA:548,37,0,3
BRDA:548,37,1,3
BRDA:556,38,0,0
BRDA:565,39,0,0
BRDA:573,40,0,0
BRDA:582,41,0,0
BRDA:591,42,0,0
BRDA:602,43,0,0
BRDA:602,43,1,0
BRDA:616,44,0,0
BRDA:616,44,1,0
BRDA:624,45,0,0
BRDA:624,45,1,0
BRDA:643,46,0,0
BRDA:643,46,1,0
BRDA:658,47,0,1
BRDA:671,48,0,1
BRDA:671,48,1,3
BRDA:673,49,0,1
BRDA:673,49,1,2
BRDA:675,50,0,1
BRDA:675,50,1,1
BRDA:792,51,0,0
BRDA:799,52,0,0
BRDA:808,53,0,0
BRDA:813,54,0,0
BRDA:820,55,0,0
BRDA:826,56,0,1
BRDA:946,57,0,1
BRDA:946,58,0,3
BRDA:946,58,1,3
BRDA:951,59,0,0
BRDA:958,60,0,1
BRDA:964,61,0,1
BRDA:973,62,0,0
BRDA:978,63,0,0
BRDA:984,64,0,0
BRDA:1004,65,0,1
BRDA:1004,66,0,3
BRDA:1004,66,1,3
BRDA:1004,66,2,2
BRDA:1011,67,0,0
BRDA:1016,68,0,1
BRDA:1025,69,0,0
BRDA:1031,70,0,1
BRDA:1040,71,0,0
BRDA:1045,72,0,0
BRDA:1051,73,0,0
BRDA:1066,74,0,0
BRF:105
BRH:53
end_of_record
TN:
SF:src\controllers\chatController.ts
FN:25,(anonymous_7)
FN:25,(anonymous_8)
FN:52,(anonymous_9)
FN:52,(anonymous_10)
FN:102,(anonymous_11)
FN:102,(anonymous_12)
FN:168,(anonymous_13)
FN:168,(anonymous_14)
FN:197,(anonymous_15)
FN:197,(anonymous_16)
FN:254,(anonymous_17)
FN:254,(anonymous_18)
FN:290,(anonymous_19)
FN:290,(anonymous_20)
FN:319,(anonymous_21)
FN:319,(anonymous_22)
FN:348,(anonymous_23)
FN:348,(anonymous_24)
FN:392,(anonymous_25)
FN:392,(anonymous_26)
FN:420,(anonymous_27)
FN:420,(anonymous_28)
FN:440,(anonymous_29)
FN:457,(anonymous_30)
FNF:24
FNH:22
FNDA:2,(anonymous_7)
FNDA:2,(anonymous_8)
FNDA:1,(anonymous_9)
FNDA:1,(anonymous_10)
FNDA:1,(anonymous_11)
FNDA:1,(anonymous_12)
FNDA:1,(anonymous_13)
FNDA:1,(anonymous_14)
FNDA:2,(anonymous_15)
FNDA:2,(anonymous_16)
FNDA:1,(anonymous_17)
FNDA:1,(anonymous_18)
FNDA:1,(anonymous_19)
FNDA:1,(anonymous_20)
FNDA:1,(anonymous_21)
FNDA:1,(anonymous_22)
FNDA:2,(anonymous_23)
FNDA:2,(anonymous_24)
FNDA:1,(anonymous_25)
FNDA:1,(anonymous_26)
FNDA:1,(anonymous_27)
FNDA:1,(anonymous_28)
FNDA:0,(anonymous_29)
FNDA:0,(anonymous_30)
DA:2,1
DA:3,1
DA:25,2
DA:26,2
DA:27,2
DA:28,2
DA:29,1
DA:33,1
DA:36,1
DA:38,1
DA:43,0
DA:44,0
DA:52,1
DA:53,1
DA:54,1
DA:55,1
DA:57,1
DA:58,0
DA:62,0
DA:66,1
DA:67,1
DA:68,0
DA:72,0
DA:75,1
DA:76,0
DA:80,0
DA:83,1
DA:86,1
DA:88,1
DA:93,0
DA:94,0
DA:102,1
DA:103,1
DA:104,1
DA:105,1
DA:106,1
DA:107,1
DA:109,1
DA:110,0
DA:114,0
DA:117,1
DA:118,0
DA:122,0
DA:126,1
DA:127,1
DA:128,0
DA:132,0
DA:135,1
DA:136,0
DA:140,0
DA:143,1
DA:152,1
DA:154,1
DA:159,0
DA:160,0
DA:168,1
DA:169,1
DA:170,1
DA:171,1
DA:173,1
DA:174,0
DA:178,0
DA:181,1
DA:183,1
DA:188,0
DA:189,0
DA:197,2
DA:198,2
DA:199,2
DA:200,2
DA:202,2
DA:203,0
DA:207,0
DA:210,2
DA:215,1
DA:219,1
DA:223,1
DA:226,1
DA:230,1
DA:231,0
DA:235,0
DA:238,1
DA:240,1
DA:245,0
DA:246,0
DA:254,1
DA:255,1
DA:256,1
DA:257,1
DA:259,1
DA:260,0
DA:264,0
DA:267,1
DA:274,1
DA:276,1
DA:281,0
DA:282,0
DA:290,1
DA:291,1
DA:292,1
DA:293,1
DA:295,1
DA:296,0
DA:300,0
DA:303,1
DA:305,1
DA:310,0
DA:311,0
DA:319,1
DA:320,1
DA:321,1
DA:322,1
DA:324,1
DA:325,0
DA:329,0
DA:332,1
DA:334,1
DA:339,0
DA:340,0
DA:348,2
DA:349,2
DA:350,2
DA:351,2
DA:353,2
DA:354,0
DA:358,0
DA:361,2
DA:362,2
DA:363,1
DA:367,1
DA:370,1
DA:371,0
DA:375,0
DA:378,1
DA:383,0
DA:384,0
DA:392,1
DA:393,1
DA:394,1
DA:396,1
DA:397,0
DA:401,0
DA:404,1
DA:406,1
DA:411,0
DA:412,0
DA:420,1
DA:421,1
DA:422,1
DA:423,1
DA:425,0
DA:426,0
DA:430,0
DA:434,0
DA:437,0
DA:438,0
DA:440,0
DA:441,0
DA:443,0
DA:444,0
DA:455,0
DA:456,0
DA:457,0
DA:458,0
DA:464,0
DA:469,1
DA:470,1
LF:167
LH:100
BRDA:27,0,0,1
BRDA:27,0,1,1
BRDA:27,1,0,2
BRDA:27,1,1,2
BRDA:28,2,0,1
BRDA:46,3,0,0
BRDA:46,3,1,0
BRDA:55,4,0,0
BRDA:55,4,1,1
BRDA:55,5,0,1
BRDA:55,5,1,1
BRDA:57,6,0,0
BRDA:67,7,0,0
BRDA:75,8,0,0
BRDA:96,9,0,0
BRDA:96,9,1,0
BRDA:105,10,0,1
BRDA:106,11,0,0
BRDA:106,11,1,1
BRDA:106,12,0,1
BRDA:106,12,1,1
BRDA:107,13,0,0
BRDA:107,13,1,1
BRDA:107,14,0,1
BRDA:107,14,1,1
BRDA:109,15,0,0
BRDA:117,16,0,0
BRDA:117,17,0,1
BRDA:117,17,1,1
BRDA:127,18,0,0
BRDA:135,19,0,0
BRDA:146,20,0,1
BRDA:146,20,1,0
BRDA:162,21,0,0
BRDA:162,21,1,0
BRDA:171,22,0,0
BRDA:171,22,1,1
BRDA:171,23,0,1
BRDA:171,23,1,1
BRDA:173,24,0,0
BRDA:191,25,0,0
BRDA:191,25,1,0
BRDA:200,26,0,0
BRDA:200,26,1,2
BRDA:200,27,0,2
BRDA:200,27,1,2
BRDA:202,28,0,0
BRDA:210,29,0,1
BRDA:211,30,0,2
BRDA:211,30,1,2
BRDA:211,30,2,2
BRDA:230,31,0,0
BRDA:248,32,0,0
BRDA:248,32,1,0
BRDA:256,33,0,0
BRDA:256,33,1,1
BRDA:256,34,0,1
BRDA:256,34,1,1
BRDA:259,35,0,0
BRDA:284,36,0,0
BRDA:284,36,1,0
BRDA:293,37,0,0
BRDA:293,37,1,1
BRDA:293,38,0,1
BRDA:293,38,1,1
BRDA:295,39,0,0
BRDA:313,40,0,0
BRDA:313,40,1,0
BRDA:322,41,0,0
BRDA:322,41,1,1
BRDA:322,42,0,1
BRDA:322,42,1,1
BRDA:324,43,0,0
BRDA:342,44,0,0
BRDA:342,44,1,0
BRDA:351,45,0,0
BRDA:351,45,1,2
BRDA:351,46,0,2
BRDA:351,46,1,2
BRDA:353,47,0,0
BRDA:362,48,0,1
BRDA:370,49,0,0
BRDA:386,50,0,0
BRDA:386,50,1,0
BRDA:394,51,0,0
BRDA:394,51,1,1
BRDA:394,52,0,1
BRDA:394,52,1,1
BRDA:396,53,0,0
BRDA:414,54,0,0
BRDA:414,54,1,0
BRDA:422,55,0,0
BRDA:422,55,1,1
BRDA:422,56,0,1
BRDA:422,56,1,1
BRDA:425,57,0,0
BRDA:443,58,0,0
BRDA:446,59,0,0
BRDA:446,59,1,0
BRDA:447,60,0,0
BRDA:447,60,1,0
BRDA:448,61,0,0
BRDA:448,61,1,0
BRDA:449,62,0,0
BRDA:449,62,1,0
BRDA:455,63,0,0
BRDA:458,64,0,0
BRDA:458,64,1,0
BRDA:458,64,2,0
BRDA:472,65,0,1
BRDA:472,65,1,0
BRF:111
BRH:48
end_of_record
TN:
SF:src\controllers\eventControllers.ts
FN:22,(anonymous_7)
FN:25,(anonymous_8)
FN:42,(anonymous_9)
FN:45,(anonymous_10)
FN:54,(anonymous_11)
FN:57,(anonymous_12)
FN:69,(anonymous_13)
FN:72,(anonymous_14)
FN:78,(anonymous_15)
FN:81,(anonymous_16)
FN:86,(anonymous_17)
FN:89,(anonymous_18)
FN:110,(anonymous_19)
FN:113,(anonymous_20)
FN:122,(anonymous_21)
FN:125,(anonymous_22)
FN:134,(anonymous_23)
FN:137,(anonymous_24)
FN:148,(anonymous_25)
FN:151,(anonymous_26)
FN:176,(anonymous_27)
FN:179,(anonymous_28)
FN:206,(anonymous_29)
FN:209,(anonymous_30)
FN:281,(anonymous_31)
FN:284,(anonymous_32)
FN:358,(anonymous_33)
FN:361,(anonymous_34)
FNF:28
FNH:28
FNDA:2,(anonymous_7)
FNDA:2,(anonymous_8)
FNDA:1,(anonymous_9)
FNDA:1,(anonymous_10)
FNDA:1,(anonymous_11)
FNDA:1,(anonymous_12)
FNDA:1,(anonymous_13)
FNDA:1,(anonymous_14)
FNDA:1,(anonymous_15)
FNDA:1,(anonymous_16)
FNDA:3,(anonymous_17)
FNDA:3,(anonymous_18)
FNDA:1,(anonymous_19)
FNDA:1,(anonymous_20)
FNDA:1,(anonymous_21)
FNDA:1,(anonymous_22)
FNDA:1,(anonymous_23)
FNDA:1,(anonymous_24)
FNDA:1,(anonymous_25)
FNDA:1,(anonymous_26)
FNDA:2,(anonymous_27)
FNDA:2,(anonymous_28)
FNDA:3,(anonymous_29)
FNDA:3,(anonymous_30)
FNDA:3,(anonymous_31)
FNDA:3,(anonymous_32)
FNDA:3,(anonymous_33)
FNDA:3,(anonymous_34)
DA:2,1
DA:3,1
DA:22,1
DA:25,2
DA:26,2
DA:27,2
DA:28,2
DA:29,2
DA:30,2
DA:35,1
DA:37,1
DA:38,1
DA:42,1
DA:45,1
DA:46,1
DA:47,1
DA:51,1
DA:54,1
DA:57,1
DA:58,1
DA:59,1
DA:60,1
DA:64,1
DA:65,1
DA:66,1
DA:69,1
DA:72,1
DA:73,1
DA:74,1
DA:75,1
DA:78,1
DA:81,1
DA:82,1
DA:83,1
DA:86,1
DA:89,3
DA:90,3
DA:91,3
DA:92,3
DA:93,1
DA:94,1
DA:96,2
DA:97,2
DA:98,2
DA:99,1
DA:100,1
DA:103,1
DA:105,0
DA:106,0
DA:110,1
DA:113,1
DA:114,1
DA:115,1
DA:119,1
DA:122,1
DA:125,1
DA:126,1
DA:127,1
DA:131,1
DA:134,1
DA:137,1
DA:138,1
DA:139,1
DA:140,1
DA:141,1
DA:142,0
DA:143,0
DA:145,1
DA:148,1
DA:151,1
DA:152,1
DA:153,1
DA:155,1
DA:157,1
DA:158,1
DA:162,1
DA:163,0
DA:165,0
DA:166,0
DA:170,0
DA:173,1
DA:176,1
DA:179,2
DA:180,2
DA:181,2
DA:182,2
DA:184,2
DA:185,1
DA:189,1
DA:192,1
DA:197,0
DA:198,0
DA:206,1
DA:209,3
DA:210,3
DA:211,3
DA:212,3
DA:214,3
DA:217,3
DA:219,3
DA:220,0
DA:221,0
DA:225,0
DA:229,3
DA:230,1
DA:231,1
DA:235,1
DA:238,2
DA:242,0
DA:243,0
DA:247,0
DA:251,2
DA:253,2
DA:254,1
DA:255,1
DA:259,1
DA:262,1
DA:266,1
DA:272,0
DA:273,0
DA:281,1
DA:284,3
DA:285,3
DA:286,3
DA:287,3
DA:289,3
DA:292,3
DA:294,3
DA:295,0
DA:296,0
DA:300,0
DA:304,3
DA:305,1
DA:306,1
DA:310,1
DA:313,2
DA:317,0
DA:318,0
DA:322,0
DA:326,2
DA:328,2
DA:329,1
DA:330,1
DA:334,1
DA:337,1
DA:341,1
DA:347,1
DA:349,0
DA:350,0
DA:358,1
DA:361,3
DA:362,3
DA:363,3
DA:364,3
DA:366,3
DA:369,3
DA:371,3
DA:372,0
DA:373,0
DA:377,0
DA:381,3
DA:382,0
DA:383,0
DA:387,0
DA:390,3
DA:391,1
DA:392,1
DA:396,1
DA:400,2
DA:402,2
DA:403,1
DA:404,1
DA:408,1
DA:411,1
DA:415,1
DA:420,0
DA:421,0
LF:177
LH:143
BRDA:92,0,0,1
BRDA:98,1,0,1
BRDA:140,2,0,1
BRDA:140,2,1,0
BRDA:142,3,0,0
BRDA:155,4,0,1
BRDA:155,4,1,0
BRDA:163,5,0,0
BRDA:184,6,0,1
BRDA:201,7,0,0
BRDA:201,7,1,0
BRDA:219,8,0,0
BRDA:229,9,0,1
BRDA:229,10,0,3
BRDA:229,10,1,3
BRDA:238,11,0,0
BRDA:239,12,0,2
BRDA:239,12,1,0
BRDA:253,13,0,1
BRDA:276,14,0,0
BRDA:276,14,1,0
BRDA:294,15,0,0
BRDA:304,16,0,1
BRDA:304,17,0,3
BRDA:304,17,1,3
BRDA:313,18,0,0
BRDA:314,19,0,2
BRDA:314,19,1,0
BRDA:328,20,0,1
BRDA:353,21,0,0
BRDA:353,21,1,0
BRDA:371,22,0,0
BRDA:381,23,0,0
BRDA:390,24,0,1
BRDA:402,25,0,1
BRDA:424,26,0,0
BRDA:424,26,1,0
BRF:37
BRH:17
end_of_record
TN:
SF:src\controllers\geolocationController.ts
FN:15,(anonymous_7)
FN:15,(anonymous_8)
FN:54,(anonymous_9)
FN:54,(anonymous_10)
FN:89,(anonymous_11)
FN:89,(anonymous_12)
FN:124,(anonymous_13)
FN:124,(anonymous_14)
FN:128,(anonymous_15)
FN:154,(anonymous_16)
FN:154,(anonymous_17)
FN:178,(anonymous_18)
FN:178,(anonymous_19)
FN:204,(anonymous_20)
FN:204,(anonymous_21)
FN:238,(anonymous_22)
FN:238,(anonymous_23)
FN:267,(anonymous_24)
FN:267,(anonymous_25)
FNF:19
FNH:0
FNDA:0,(anonymous_7)
FNDA:0,(anonymous_8)
FNDA:0,(anonymous_9)
FNDA:0,(anonymous_10)
FNDA:0,(anonymous_11)
FNDA:0,(anonymous_12)
FNDA:0,(anonymous_13)
FNDA:0,(anonymous_14)
FNDA:0,(anonymous_15)
FNDA:0,(anonymous_16)
FNDA:0,(anonymous_17)
FNDA:0,(anonymous_18)
FNDA:0,(anonymous_19)
FNDA:0,(anonymous_20)
FNDA:0,(anonymous_21)
FNDA:0,(anonymous_22)
FNDA:0,(anonymous_23)
FNDA:0,(anonymous_24)
FNDA:0,(anonymous_25)
DA:2,0
DA:8,0
DA:9,0
DA:14,0
DA:15,0
DA:16,0
DA:18,0
DA:23,0
DA:29,0
DA:34,0
DA:39,0
DA:53,0
DA:54,0
DA:55,0
DA:57,0
DA:62,0
DA:68,0
DA:73,0
DA:88,0
DA:89,0
DA:90,0
DA:92,0
DA:97,0
DA:103,0
DA:108,0
DA:123,0
DA:124,0
DA:125,0
DA:127,0
DA:128,0
DA:136,0
DA:138,0
DA:143,0
DA:153,0
DA:154,0
DA:155,0
DA:157,0
DA:162,0
DA:167,0
DA:177,0
DA:178,0
DA:179,0
DA:181,0
DA:186,0
DA:188,0
DA:193,0
DA:203,0
DA:204,0
DA:205,0
DA:207,0
DA:212,0
DA:217,0
DA:219,0
DA:224,0
DA:237,0
DA:238,0
DA:239,0
DA:241,0
DA:246,0
DA:251,0
DA:256,0
DA:266,0
DA:267,0
DA:268,0
DA:270,0
DA:275,0
DA:280,0
DA:286,0
DA:291,0
LF:69
LH:0
BRDA:26,0,0,0
BRDA:26,0,1,0
BRDA:35,1,0,0
BRDA:35,1,1,0
BRDA:35,2,0,0
BRDA:35,2,1,0
BRDA:65,3,0,0
BRDA:65,3,1,0
BRDA:69,4,0,0
BRDA:69,4,1,0
BRDA:69,5,0,0
BRDA:69,5,1,0
BRDA:100,6,0,0
BRDA:100,6,1,0
BRDA:104,7,0,0
BRDA:104,7,1,0
BRDA:104,8,0,0
BRDA:104,8,1,0
BRDA:129,9,0,0
BRDA:129,9,1,0
BRDA:130,10,0,0
BRDA:130,10,1,0
BRDA:132,11,0,0
BRDA:132,11,1,0
BRDA:133,12,0,0
BRDA:133,12,1,0
BRDA:139,13,0,0
BRDA:139,13,1,0
BRDA:139,14,0,0
BRDA:139,14,1,0
BRDA:163,15,0,0
BRDA:163,15,1,0
BRDA:163,16,0,0
BRDA:163,16,1,0
BRDA:189,17,0,0
BRDA:189,17,1,0
BRDA:189,18,0,0
BRDA:189,18,1,0
BRDA:220,19,0,0
BRDA:220,19,1,0
BRDA:220,20,0,0
BRDA:220,20,1,0
BRDA:252,21,0,0
BRDA:252,21,1,0
BRDA:252,22,0,0
BRDA:252,22,1,0
BRDA:287,23,0,0
BRDA:287,23,1,0
BRDA:287,24,0,0
BRDA:287,24,1,0
BRF:50
BRH:0
end_of_record
TN:
SF:src\controllers\hiringController.ts
FN:8,(anonymous_7)
FN:15,(anonymous_8)
FN:15,(anonymous_9)
FN:77,(anonymous_10)
FN:77,(anonymous_11)
FN:145,(anonymous_12)
FN:145,(anonymous_13)
FN:213,(anonymous_14)
FN:213,(anonymous_15)
FN:280,(anonymous_16)
FN:280,(anonymous_17)
FN:358,(anonymous_18)
FN:358,(anonymous_19)
FN:409,(anonymous_20)
FN:409,(anonymous_21)
FNF:15
FNH:15
FNDA:18,(anonymous_7)
FNDA:3,(anonymous_8)
FNDA:3,(anonymous_9)
FNDA:3,(anonymous_10)
FNDA:3,(anonymous_11)
FNDA:2,(anonymous_12)
FNDA:2,(anonymous_13)
FNDA:4,(anonymous_14)
FNDA:4,(anonymous_15)
FNDA:2,(anonymous_16)
FNDA:2,(anonymous_17)
FNDA:2,(anonymous_18)
FNDA:2,(anonymous_19)
FNDA:2,(anonymous_20)
FNDA:2,(anonymous_21)
DA:2,1
DA:3,1
DA:5,1
DA:9,18
DA:15,18
DA:16,3
DA:17,3
DA:24,3
DA:25,3
DA:27,3
DA:28,1
DA:32,1
DA:35,2
DA:43,2
DA:45,1
DA:54,1
DA:60,1
DA:67,1
DA:77,18
DA:78,3
DA:79,3
DA:80,3
DA:82,3
DA:89,3
DA:90,1
DA:94,1
DA:97,2
DA:99,2
DA:100,1
DA:104,1
DA:108,1
DA:109,0
DA:113,0
DA:116,1
DA:123,1
DA:128,0
DA:135,0
DA:145,18
DA:146,2
DA:147,2
DA:148,2
DA:149,2
DA:151,2
DA:159,2
DA:160,1
DA:164,1
DA:167,1
DA:168,0
DA:172,0
DA:175,1
DA:181,1
DA:189,1
DA:195,0
DA:203,0
DA:213,18
DA:214,4
DA:215,4
DA:216,4
DA:217,4
DA:219,4
DA:227,4
DA:228,1
DA:232,1
DA:235,3
DA:236,1
DA:240,1
DA:243,2
DA:249,1
DA:257,1
DA:263,1
DA:270,1
DA:280,18
DA:281,2
DA:282,2
DA:283,2
DA:284,2
DA:285,2
DA:287,2
DA:295,2
DA:296,1
DA:300,1
DA:303,1
DA:304,0
DA:308,0
DA:311,1
DA:312,0
DA:316,0
DA:319,1
DA:320,1
DA:327,1
DA:335,1
DA:341,0
DA:348,0
DA:358,18
DA:359,2
DA:360,2
DA:361,2
DA:363,2
DA:370,2
DA:371,1
DA:375,1
DA:378,1
DA:380,1
DA:387,1
DA:392,0
DA:399,0
DA:409,18
DA:410,2
DA:411,2
DA:412,2
DA:414,2
DA:421,2
DA:422,1
DA:426,1
DA:429,1
DA:430,0
DA:434,0
DA:437,1
DA:439,1
DA:447,1
DA:452,0
DA:459,0
LF:122
LH:102
BRDA:18,0,0,1
BRDA:18,0,1,2
BRDA:18,1,0,3
BRDA:18,1,1,2
BRDA:25,2,0,1
BRDA:25,2,1,2
BRDA:25,3,0,3
BRDA:25,3,1,2
BRDA:27,4,0,1
BRDA:46,5,0,0
BRDA:46,5,1,1
BRDA:46,6,0,1
BRDA:46,6,1,1
BRDA:60,7,0,1
BRDA:60,7,1,0
BRDA:61,8,0,0
BRDA:61,8,1,1
BRDA:61,9,0,1
BRDA:61,9,1,1
BRDA:69,10,0,1
BRDA:69,10,1,0
BRDA:80,11,0,1
BRDA:80,11,1,2
BRDA:80,12,0,3
BRDA:80,12,1,2
BRDA:89,13,0,1
BRDA:99,14,0,1
BRDA:108,15,0,0
BRDA:108,16,0,1
BRDA:108,16,1,1
BRDA:128,17,0,0
BRDA:128,17,1,0
BRDA:129,18,0,0
BRDA:129,18,1,0
BRDA:129,19,0,0
BRDA:129,19,1,0
BRDA:149,20,0,1
BRDA:149,20,1,1
BRDA:149,21,0,2
BRDA:149,21,1,1
BRDA:159,22,0,1
BRDA:167,23,0,0
BRDA:195,24,0,0
BRDA:195,24,1,0
BRDA:196,25,0,0
BRDA:196,25,1,0
BRDA:196,26,0,0
BRDA:196,26,1,0
BRDA:205,27,0,0
BRDA:205,27,1,0
BRDA:215,28,0,1
BRDA:215,28,1,3
BRDA:215,29,0,4
BRDA:215,29,1,3
BRDA:216,30,0,1
BRDA:216,30,1,3
BRDA:216,31,0,4
BRDA:216,31,1,3
BRDA:227,32,0,1
BRDA:235,33,0,1
BRDA:235,34,0,3
BRDA:235,34,1,3
BRDA:263,35,0,1
BRDA:263,35,1,0
BRDA:264,36,0,0
BRDA:264,36,1,1
BRDA:264,37,0,1
BRDA:264,37,1,1
BRDA:284,38,0,1
BRDA:284,38,1,1
BRDA:284,39,0,2
BRDA:284,39,1,1
BRDA:285,40,0,1
BRDA:285,40,1,1
BRDA:285,41,0,2
BRDA:285,41,1,1
BRDA:295,42,0,1
BRDA:303,43,0,0
BRDA:303,44,0,1
BRDA:303,44,1,1
BRDA:311,45,0,0
BRDA:311,46,0,1
BRDA:311,46,1,1
BRDA:319,47,0,0
BRDA:319,47,1,1
BRDA:341,48,0,0
BRDA:341,48,1,0
BRDA:342,49,0,0
BRDA:342,49,1,0
BRDA:342,50,0,0
BRDA:342,50,1,0
BRDA:350,51,0,0
BRDA:350,51,1,0
BRDA:361,52,0,1
BRDA:361,52,1,1
BRDA:361,53,0,2
BRDA:361,53,1,1
BRDA:370,54,0,1
BRDA:392,55,0,0
BRDA:392,55,1,0
BRDA:393,56,0,0
BRDA:393,56,1,0
BRDA:393,57,0,0
BRDA:393,57,1,0
BRDA:401,58,0,0
BRDA:401,58,1,0
BRDA:411,59,0,1
BRDA:411,59,1,1
BRDA:411,60,0,2
BRDA:411,60,1,1
BRDA:412,61,0,1
BRDA:412,61,1,1
BRDA:412,62,0,2
BRDA:412,62,1,1
BRDA:421,63,0,1
BRDA:429,64,0,0
BRDA:429,65,0,1
BRDA:429,65,1,1
BRDA:452,66,0,0
BRDA:452,66,1,0
BRDA:453,67,0,0
BRDA:453,67,1,0
BRDA:453,68,0,0
BRDA:453,68,1,0
BRF:124
BRH:76
end_of_record
TN:
SF:src\controllers\imagesController.ts
FN:66,(anonymous_7)
FN:69,(anonymous_8)
FN:152,(anonymous_9)
FN:155,(anonymous_10)
FN:246,(anonymous_11)
FN:249,(anonymous_12)
FN:335,(anonymous_13)
FN:338,(anonymous_14)
FN:417,(anonymous_15)
FN:420,(anonymous_16)
FN:476,(anonymous_17)
FN:479,(anonymous_18)
FN:541,(anonymous_19)
FN:544,(anonymous_20)
FN:599,(anonymous_21)
FN:602,(anonymous_22)
FN:652,(anonymous_23)
FN:655,(anonymous_24)
FN:701,(anonymous_25)
FN:704,(anonymous_26)
FN:735,(anonymous_27)
FN:738,(anonymous_28)
FN:755,(anonymous_29)
FN:758,(anonymous_30)
FNF:24
FNH:18
FNDA:4,(anonymous_7)
FNDA:4,(anonymous_8)
FNDA:2,(anonymous_9)
FNDA:2,(anonymous_10)
FNDA:1,(anonymous_11)
FNDA:1,(anonymous_12)
FNDA:1,(anonymous_13)
FNDA:1,(anonymous_14)
FNDA:1,(anonymous_15)
FNDA:1,(anonymous_16)
FNDA:1,(anonymous_17)
FNDA:1,(anonymous_18)
FNDA:1,(anonymous_19)
FNDA:1,(anonymous_20)
FNDA:1,(anonymous_21)
FNDA:1,(anonymous_22)
FNDA:1,(anonymous_23)
FNDA:1,(anonymous_24)
FNDA:0,(anonymous_25)
FNDA:0,(anonymous_26)
FNDA:0,(anonymous_27)
FNDA:0,(anonymous_28)
FNDA:0,(anonymous_29)
FNDA:0,(anonymous_30)
DA:2,1
DA:3,1
DA:66,1
DA:69,4
DA:70,4
DA:71,4
DA:72,4
DA:73,1
DA:74,1
DA:77,3
DA:78,1
DA:79,1
DA:82,2
DA:84,2
DA:88,0
DA:89,0
DA:92,2
DA:98,2
DA:105,1
DA:110,1
DA:116,1
DA:117,1
DA:152,1
DA:155,2
DA:156,2
DA:157,2
DA:159,2
DA:160,0
DA:161,0
DA:164,2
DA:166,2
DA:167,1
DA:168,1
DA:171,1
DA:176,1
DA:181,0
DA:182,0
DA:246,1
DA:249,1
DA:250,1
DA:258,1
DA:260,1
DA:262,1
DA:263,1
DA:264,1
DA:265,1
DA:266,1
DA:267,1
DA:269,1
DA:271,1
DA:275,1
DA:282,0
DA:283,0
DA:335,1
DA:338,1
DA:339,1
DA:340,1
DA:341,1
DA:342,0
DA:343,0
DA:346,1
DA:347,1
DA:349,1
DA:350,0
DA:351,0
DA:355,1
DA:356,1
DA:357,0
DA:358,0
DA:361,1
DA:362,0
DA:365,0
DA:368,1
DA:370,1
DA:375,1
DA:381,0
DA:382,0
DA:417,1
DA:420,1
DA:421,1
DA:422,1
DA:423,1
DA:424,0
DA:425,0
DA:428,1
DA:430,1
DA:431,0
DA:432,0
DA:435,1
DA:437,1
DA:442,1
DA:447,0
DA:448,0
DA:476,1
DA:479,1
DA:480,1
DA:481,1
DA:482,1
DA:488,0
DA:491,0
DA:494,1
DA:496,1
DA:500,1
DA:505,0
DA:506,0
DA:541,1
DA:544,1
DA:545,1
DA:546,1
DA:548,1
DA:549,0
DA:550,0
DA:553,1
DA:555,1
DA:559,1
DA:564,0
DA:565,0
DA:599,1
DA:602,1
DA:603,1
DA:604,1
DA:606,1
DA:608,1
DA:612,1
DA:617,0
DA:618,0
DA:652,1
DA:655,1
DA:656,1
DA:657,1
DA:659,1
DA:661,1
DA:665,1
DA:670,0
DA:671,0
DA:701,1
DA:704,0
DA:705,0
DA:706,0
DA:707,0
DA:708,0
DA:711,0
DA:714,0
DA:716,0
DA:720,0
DA:726,0
DA:727,0
DA:735,1
DA:738,0
DA:739,0
DA:740,0
DA:741,0
DA:747,0
DA:748,0
DA:755,1
DA:758,0
DA:759,0
DA:760,0
DA:761,0
DA:762,0
DA:763,0
DA:766,0
DA:767,0
DA:768,0
DA:769,0
DA:772,0
DA:774,0
DA:775,0
LF:168
LH:102
BRDA:72,0,0,1
BRDA:77,1,0,1
BRDA:84,2,0,0
BRDA:85,3,0,2
BRDA:85,3,1,2
BRDA:93,4,0,2
BRDA:93,4,1,2
BRDA:94,5,0,0
BRDA:94,5,1,2
BRDA:95,6,0,0
BRDA:95,6,1,2
BRDA:159,7,0,0
BRDA:166,8,0,1
BRDA:256,9,0,0
BRDA:257,10,0,1
BRDA:262,11,0,0
BRDA:263,12,0,0
BRDA:264,13,0,0
BRDA:265,14,0,0
BRDA:266,15,0,1
BRDA:267,16,0,0
BRDA:341,17,0,0
BRDA:349,18,0,0
BRDA:356,19,0,0
BRDA:361,20,0,0
BRDA:423,21,0,0
BRDA:430,22,0,0
BRDA:482,23,0,0
BRDA:483,24,0,1
BRDA:483,24,1,1
BRDA:548,25,0,0
BRDA:707,26,0,0
BRDA:707,27,0,0
BRDA:707,27,1,0
BRDA:761,28,0,0
BRDA:767,29,0,0
BRF:36
BRH:13
end_of_record
TN:
SF:src\controllers\musicianProfileController.ts
FN:9,(anonymous_8)
FN:9,(anonymous_9)
FN:43,(anonymous_10)
FN:43,(anonymous_11)
FNF:4
FNH:0
FNDA:0,(anonymous_8)
FNDA:0,(anonymous_9)
FNDA:0,(anonymous_10)
FNDA:0,(anonymous_11)
DA:2,0
DA:3,0
DA:4,0
DA:5,0
DA:6,0
DA:7,0
DA:9,0
DA:10,0
DA:11,0
DA:12,0
DA:13,0
DA:15,0
DA:17,0
DA:19,0
DA:26,0
DA:27,0
DA:28,0
DA:30,0
DA:32,0
DA:38,0
DA:39,0
DA:43,0
DA:44,0
DA:45,0
DA:47,0
DA:48,0
DA:49,0
DA:52,0
DA:57,0
DA:59,0
DA:61,0
DA:62,0
LF:32
LH:0
BRDA:11,0,0,0
BRDA:47,1,0,0
BRF:2
BRH:0
end_of_record
TN:
SF:src\controllers\musicianRequestController.ts
FN:9,(anonymous_7)
FN:18,(anonymous_8)
FN:18,(anonymous_9)
FN:59,(anonymous_10)
FN:59,(anonymous_11)
FN:90,(anonymous_12)
FN:90,(anonymous_13)
FN:110,(anonymous_14)
FN:110,(anonymous_15)
FN:125,(anonymous_16)
FN:125,(anonymous_17)
FN:140,(anonymous_18)
FN:140,(anonymous_19)
FN:162,(anonymous_20)
FN:162,(anonymous_21)
FNF:15
FNH:0
FNDA:0,(anonymous_7)
FNDA:0,(anonymous_8)
FNDA:0,(anonymous_9)
FNDA:0,(anonymous_10)
FNDA:0,(anonymous_11)
FNDA:0,(anonymous_12)
FNDA:0,(anonymous_13)
FNDA:0,(anonymous_14)
FNDA:0,(anonymous_15)
FNDA:0,(anonymous_16)
FNDA:0,(anonymous_17)
FNDA:0,(anonymous_18)
FNDA:0,(anonymous_19)
FNDA:0,(anonymous_20)
FNDA:0,(anonymous_21)
DA:2,0
DA:9,0
DA:13,0
DA:14,0
DA:18,0
DA:19,0
DA:30,0
DA:34,0
DA:44,0
DA:51,0
DA:52,0
DA:54,0
DA:59,0
DA:60,0
DA:61,0
DA:62,0
DA:63,0
DA:64,0
DA:65,0
DA:66,0
DA:68,0
DA:69,0
DA:70,0
DA:71,0
DA:73,0
DA:79,0
DA:80,0
DA:81,0
DA:83,0
DA:85,0
DA:90,0
DA:91,0
DA:92,0
DA:93,0
DA:94,0
DA:95,0
DA:96,0
DA:97,0
DA:99,0
DA:100,0
DA:101,0
DA:103,0
DA:110,0
DA:111,0
DA:112,0
DA:113,0
DA:114,0
DA:115,0
DA:116,0
DA:118,0
DA:120,0
DA:125,0
DA:126,0
DA:127,0
DA:128,0
DA:129,0
DA:130,0
DA:131,0
DA:133,0
DA:135,0
DA:140,0
DA:141,0
DA:142,0
DA:143,0
DA:144,0
DA:145,0
DA:146,0
DA:147,0
DA:148,0
DA:150,0
DA:151,0
DA:155,0
DA:162,0
DA:163,0
DA:164,0
DA:165,0
DA:166,0
DA:167,0
DA:168,0
DA:169,0
DA:171,0
DA:172,0
DA:176,0
LF:83
LH:0
BRDA:51,0,0,0
BRDA:64,1,0,0
BRDA:69,2,0,0
BRDA:79,3,0,0
BRDA:95,4,0,0
BRDA:100,5,0,0
BRDA:114,6,0,0
BRDA:129,7,0,0
BRDA:146,8,0,0
BRDA:167,9,0,0
BRF:10
BRH:0
end_of_record
TN:
SF:src\controllers\musicianSearchController.ts
FN:16,(anonymous_7)
FN:96,(anonymous_9)
FN:160,(anonymous_11)
FN:241,(anonymous_13)
FNF:4
FNH:2
FNDA:2,(anonymous_7)
FNDA:1,(anonymous_9)
FNDA:0,(anonymous_11)
FNDA:0,(anonymous_13)
DA:2,1
DA:3,1
DA:4,1
DA:11,1
DA:17,2
DA:18,2
DA:19,2
DA:21,2
DA:25,2
DA:26,1
DA:30,1
DA:34,1
DA:35,1
DA:36,0
DA:40,0
DA:43,1
DA:44,0
DA:48,0
DA:52,1
DA:64,1
DA:69,1
DA:72,1
DA:83,0
DA:84,0
DA:97,1
DA:98,1
DA:99,1
DA:101,1
DA:105,1
DA:106,0
DA:110,0
DA:114,1
DA:115,1
DA:116,1
DA:120,1
DA:123,0
DA:124,0
DA:128,0
DA:132,0
DA:134,0
DA:137,0
DA:147,0
DA:148,0
DA:161,0
DA:162,0
DA:163,0
DA:165,0
DA:169,0
DA:170,0
DA:174,0
DA:178,0
DA:179,0
DA:183,0
DA:187,0
DA:210,0
DA:215,0
DA:218,0
DA:228,0
DA:229,0
DA:242,0
DA:243,0
DA:245,0
DA:249,0
DA:250,0
DA:254,0
DA:258,0
DA:266,0
DA:272,0
DA:273,0
LF:69
LH:27
BRDA:25,0,0,1
BRDA:35,1,0,0
BRDA:43,2,0,0
BRDA:53,3,0,1
BRDA:53,3,1,0
BRDA:54,4,0,1
BRDA:54,4,1,0
BRDA:55,5,0,1
BRDA:55,5,1,0
BRDA:56,6,0,1
BRDA:56,6,1,0
BRDA:57,7,0,1
BRDA:57,7,1,0
BRDA:58,8,0,1
BRDA:58,8,1,0
BRDA:59,9,0,1
BRDA:59,9,1,0
BRDA:60,10,0,1
BRDA:60,10,1,0
BRDA:87,11,0,0
BRDA:87,11,1,0
BRDA:105,12,0,0
BRDA:115,13,0,1
BRDA:123,14,0,0
BRDA:151,15,0,0
BRDA:151,15,1,0
BRDA:169,16,0,0
BRDA:178,17,0,0
BRDA:191,18,0,0
BRDA:191,18,1,0
BRDA:192,19,0,0
BRDA:192,19,1,0
BRDA:193,20,0,0
BRDA:193,20,1,0
BRDA:194,21,0,0
BRDA:194,21,1,0
BRDA:195,22,0,0
BRDA:195,22,1,0
BRDA:197,23,0,0
BRDA:197,23,1,0
BRDA:199,24,0,0
BRDA:199,24,1,0
BRDA:199,25,0,0
BRDA:199,25,1,0
BRDA:199,26,0,0
BRDA:199,26,1,0
BRDA:232,27,0,0
BRDA:232,27,1,0
BRDA:249,28,0,0
BRDA:276,29,0,0
BRDA:276,29,1,0
BRF:51
BRH:10
end_of_record
TN:
SF:src\controllers\notificationController.ts
FN:35,(anonymous_7)
FN:35,(anonymous_8)
FN:56,(anonymous_9)
FN:90,(anonymous_10)
FN:90,(anonymous_11)
FN:135,(anonymous_12)
FN:135,(anonymous_13)
FN:148,(anonymous_14)
FN:173,(anonymous_15)
FN:173,(anonymous_16)
FN:215,(anonymous_17)
FN:215,(anonymous_18)
FN:246,(anonymous_19)
FN:246,(anonymous_20)
FN:294,(anonymous_21)
FN:294,(anonymous_22)
FN:313,(anonymous_23)
FN:350,(anonymous_24)
FN:350,(anonymous_25)
FN:384,(anonymous_26)
FN:389,(anonymous_27)
FN:390,(anonymous_28)
FN:392,(anonymous_29)
FN:393,(anonymous_30)
FN:394,(anonymous_31)
FN:395,(anonymous_32)
FN:398,(anonymous_33)
FN:399,(anonymous_34)
FN:400,(anonymous_35)
FN:401,(anonymous_36)
FN:402,(anonymous_37)
FNF:31
FNH:0
FNDA:0,(anonymous_7)
FNDA:0,(anonymous_8)
FNDA:0,(anonymous_9)
FNDA:0,(anonymous_10)
FNDA:0,(anonymous_11)
FNDA:0,(anonymous_12)
FNDA:0,(anonymous_13)
FNDA:0,(anonymous_14)
FNDA:0,(anonymous_15)
FNDA:0,(anonymous_16)
FNDA:0,(anonymous_17)
FNDA:0,(anonymous_18)
FNDA:0,(anonymous_19)
FNDA:0,(anonymous_20)
FNDA:0,(anonymous_21)
FNDA:0,(anonymous_22)
FNDA:0,(anonymous_23)
FNDA:0,(anonymous_24)
FNDA:0,(anonymous_25)
FNDA:0,(anonymous_26)
FNDA:0,(anonymous_27)
FNDA:0,(anonymous_28)
FNDA:0,(anonymous_29)
FNDA:0,(anonymous_30)
FNDA:0,(anonymous_31)
FNDA:0,(anonymous_32)
FNDA:0,(anonymous_33)
FNDA:0,(anonymous_34)
FNDA:0,(anonymous_35)
FNDA:0,(anonymous_36)
FNDA:0,(anonymous_37)
DA:2,0
DA:3,0
DA:4,0
DA:5,0
DA:6,0
DA:34,0
DA:35,0
DA:36,0
DA:37,0
DA:39,0
DA:44,0
DA:46,0
DA:47,0
DA:50,0
DA:56,0
DA:62,0
DA:63,0
DA:65,0
DA:70,0
DA:89,0
DA:90,0
DA:91,0
DA:92,0
DA:94,0
DA:99,0
DA:100,0
DA:102,0
DA:103,0
DA:106,0
DA:107,0
DA:108,0
DA:114,0
DA:119,0
DA:124,0
DA:134,0
DA:135,0
DA:136,0
DA:138,0
DA:140,0
DA:141,0
DA:146,0
DA:148,0
DA:149,0
DA:155,0
DA:157,0
DA:162,0
DA:172,0
DA:173,0
DA:174,0
DA:175,0
DA:177,0
DA:182,0
DA:183,0
DA:185,0
DA:186,0
DA:189,0
DA:190,0
DA:191,0
DA:197,0
DA:199,0
DA:204,0
DA:214,0
DA:215,0
DA:216,0
DA:218,0
DA:220,0
DA:227,0
DA:229,0
DA:234,0
DA:245,0
DA:246,0
DA:247,0
DA:248,0
DA:250,0
DA:255,0
DA:260,0
DA:263,0
DA:275,0
DA:277,0
DA:282,0
DA:293,0
DA:294,0
DA:295,0
DA:296,0
DA:298,0
DA:303,0
DA:304,0
DA:310,0
DA:311,0
DA:313,0
DA:314,0
DA:315,0
DA:327,0
DA:328,0
DA:331,0
DA:333,0
DA:338,0
DA:349,0
DA:350,0
DA:351,0
DA:352,0
DA:354,0
DA:360,0
DA:363,0
DA:365,0
DA:366,0
DA:368,0
DA:369,0
DA:371,0
DA:372,0
DA:374,0
DA:378,0
DA:384,0
DA:387,0
DA:389,0
DA:390,0
DA:392,0
DA:393,0
DA:394,0
DA:395,0
DA:398,0
DA:399,0
DA:400,0
DA:401,0
DA:402,0
DA:407,0
DA:412,0
LF:127
LH:0
BRDA:37,0,0,0
BRDA:37,1,0,0
BRDA:37,2,0,0
BRDA:46,3,0,0
BRDA:102,4,0,0
BRDA:107,5,0,0
BRDA:185,6,0,0
BRDA:190,7,0,0
BRDA:255,8,0,0
BRDA:256,9,0,0
BRDA:256,9,1,0
BRDA:256,9,2,0
BRDA:267,10,0,0
BRDA:267,10,1,0
BRDA:268,11,0,0
BRDA:268,11,1,0
BRDA:272,12,0,0
BRDA:272,12,1,0
BRDA:303,13,0,0
BRDA:303,14,0,0
BRDA:303,14,1,0
BRDA:303,14,2,0
BRDA:303,14,3,0
BRDA:319,15,0,0
BRDA:319,15,1,0
BRDA:320,16,0,0
BRDA:320,16,1,0
BRDA:324,17,0,0
BRDA:324,17,1,0
BRDA:352,18,0,0
BRDA:363,19,0,0
BRDA:363,19,1,0
BRDA:363,19,2,0
BRDA:363,19,3,0
BRF:34
BRH:0
end_of_record
TN:
SF:src\controllers\optimizationController.ts
FN:8,(anonymous_7)
FN:50,(anonymous_9)
FN:85,(anonymous_11)
FN:134,(anonymous_13)
FN:186,(anonymous_15)
FN:240,(anonymous_17)
FN:290,(anonymous_19)
FN:337,(anonymous_21)
FNF:8
FNH:0
FNDA:0,(anonymous_7)
FNDA:0,(anonymous_9)
FNDA:0,(anonymous_11)
FNDA:0,(anonymous_13)
FNDA:0,(anonymous_15)
FNDA:0,(anonymous_17)
FNDA:0,(anonymous_19)
FNDA:0,(anonymous_21)
DA:2,0
DA:3,0
DA:4,0
DA:5,0
DA:7,0
DA:9,0
DA:10,0
DA:11,0
DA:13,0
DA:32,0
DA:36,0
DA:38,0
DA:42,0
DA:51,0
DA:52,0
DA:53,0
DA:55,0
DA:56,0
DA:58,0
DA:67,0
DA:71,0
DA:73,0
DA:77,0
DA:86,0
DA:87,0
DA:89,0
DA:90,0
DA:94,0
DA:97,0
DA:103,0
DA:112,0
DA:120,0
DA:122,0
DA:126,0
DA:135,0
DA:136,0
DA:138,0
DA:139,0
DA:143,0
DA:146,0
DA:152,0
DA:163,0
DA:172,0
DA:174,0
DA:178,0
DA:187,0
DA:188,0
DA:189,0
DA:190,0
DA:192,0
DA:222,0
DA:226,0
DA:228,0
DA:232,0
DA:241,0
DA:242,0
DA:244,0
DA:245,0
DA:249,0
DA:252,0
DA:258,0
DA:268,0
DA:276,0
DA:278,0
DA:282,0
DA:291,0
DA:292,0
DA:294,0
DA:295,0
DA:299,0
DA:302,0
DA:304,0
DA:315,0
DA:323,0
DA:325,0
DA:329,0
DA:338,0
DA:339,0
DA:340,0
DA:342,0
DA:353,0
DA:354,0
DA:355,0
DA:356,0
DA:357,0
DA:360,0
DA:365,0
DA:369,0
DA:371,0
DA:375,0
LF:90
LH:0
BRDA:20,0,0,0
BRDA:20,0,1,0
BRDA:53,1,0,0
BRDA:53,1,1,0
BRDA:62,2,0,0
BRDA:62,2,1,0
BRDA:89,3,0,0
BRDA:99,4,0,0
BRDA:99,4,1,0
BRDA:100,5,0,0
BRDA:100,5,1,0
BRDA:138,6,0,0
BRDA:138,7,0,0
BRDA:138,7,1,0
BRDA:138,7,2,0
BRDA:149,8,0,0
BRDA:149,8,1,0
BRDA:154,9,0,0
BRDA:154,9,1,0
BRDA:172,10,0,0
BRDA:172,10,1,0
BRDA:199,11,0,0
BRDA:199,11,1,0
BRDA:244,12,0,0
BRDA:254,13,0,0
BRDA:254,13,1,0
BRDA:255,14,0,0
BRDA:255,14,1,0
BRDA:294,15,0,0
BRDA:294,16,0,0
BRDA:294,16,1,0
BRDA:306,17,0,0
BRDA:306,17,1,0
BRDA:323,18,0,0
BRDA:323,18,1,0
BRDA:345,19,0,0
BRDA:345,19,1,0
BRDA:346,20,0,0
BRDA:346,20,1,0
BRDA:347,21,0,0
BRDA:347,21,1,0
BRDA:354,22,0,0
BRDA:354,22,1,0
BRDA:356,23,0,0
BRF:44
BRH:0
end_of_record
TN:
SF:src\controllers\paymentController.ts
FN:10,(anonymous_7)
FN:10,(anonymous_8)
FN:36,(anonymous_9)
FN:36,(anonymous_10)
FN:53,(anonymous_11)
FN:53,(anonymous_12)
FN:73,(anonymous_13)
FN:73,(anonymous_14)
FN:100,(anonymous_15)
FN:100,(anonymous_16)
FN:127,(anonymous_17)
FN:127,(anonymous_18)
FN:153,(anonymous_19)
FN:153,(anonymous_20)
FN:174,(anonymous_21)
FN:174,(anonymous_22)
FN:199,(anonymous_23)
FN:199,(anonymous_24)
FN:224,(anonymous_25)
FN:224,(anonymous_26)
FN:247,(anonymous_27)
FN:247,(anonymous_28)
FN:269,(anonymous_29)
FN:269,(anonymous_30)
FNF:24
FNH:0
FNDA:0,(anonymous_7)
FNDA:0,(anonymous_8)
FNDA:0,(anonymous_9)
FNDA:0,(anonymous_10)
FNDA:0,(anonymous_11)
FNDA:0,(anonymous_12)
FNDA:0,(anonymous_13)
FNDA:0,(anonymous_14)
FNDA:0,(anonymous_15)
FNDA:0,(anonymous_16)
FNDA:0,(anonymous_17)
FNDA:0,(anonymous_18)
FNDA:0,(anonymous_19)
FNDA:0,(anonymous_20)
FNDA:0,(anonymous_21)
FNDA:0,(anonymous_22)
FNDA:0,(anonymous_23)
FNDA:0,(anonymous_24)
FNDA:0,(anonymous_25)
FNDA:0,(anonymous_26)
FNDA:0,(anonymous_27)
FNDA:0,(anonymous_28)
FNDA:0,(anonymous_29)
FNDA:0,(anonymous_30)
DA:2,0
DA:3,0
DA:4,0
DA:6,0
DA:9,0
DA:10,0
DA:11,0
DA:13,0
DA:15,0
DA:17,0
DA:26,0
DA:35,0
DA:36,0
DA:37,0
DA:39,0
DA:41,0
DA:43,0
DA:52,0
DA:53,0
DA:54,0
DA:55,0
DA:57,0
DA:62,0
DA:64,0
DA:72,0
DA:73,0
DA:74,0
DA:75,0
DA:77,0
DA:82,0
DA:90,0
DA:99,0
DA:100,0
DA:101,0
DA:102,0
DA:104,0
DA:109,0
DA:114,0
DA:126,0
DA:127,0
DA:128,0
DA:129,0
DA:131,0
DA:136,0
DA:143,0
DA:152,0
DA:153,0
DA:154,0
DA:155,0
DA:157,0
DA:162,0
DA:164,0
DA:173,0
DA:174,0
DA:175,0
DA:176,0
DA:177,0
DA:179,0
DA:184,0
DA:189,0
DA:198,0
DA:199,0
DA:200,0
DA:201,0
DA:203,0
DA:208,0
DA:214,0
DA:223,0
DA:224,0
DA:225,0
DA:227,0
DA:232,0
DA:237,0
DA:246,0
DA:247,0
DA:248,0
DA:250,0
DA:252,0
DA:259,0
DA:268,0
DA:269,0
DA:270,0
DA:272,0
DA:274,0
LF:84
LH:0
BRDA:118,0,0,0
BRDA:118,0,1,0
BRDA:228,1,0,0
BRDA:228,1,1,0
BRDA:229,2,0,0
BRDA:229,2,1,0
BRDA:233,3,0,0
BRDA:233,3,1,0
BRDA:234,4,0,0
BRDA:234,4,1,0
BRDA:262,5,0,0
BRDA:262,5,1,0
BRF:12
BRH:0
end_of_record
TN:
SF:src\controllers\paymentSystemController.ts
FN:15,(anonymous_16)
FN:22,(anonymous_17)
FN:52,(anonymous_19)
FN:90,(anonymous_21)
FN:120,(anonymous_23)
FN:194,(anonymous_25)
FN:201,(anonymous_27)
FN:204,(anonymous_28)
FN:236,(anonymous_29)
FN:238,(anonymous_30)
FN:266,(anonymous_31)
FN:296,(anonymous_33)
FN:350,(anonymous_35)
FN:380,(anonymous_37)
FN:426,(anonymous_39)
FN:447,(anonymous_41)
FN:499,(anonymous_43)
FN:530,(anonymous_45)
FN:561,(anonymous_46)
FN:582,(anonymous_48)
FN:616,(anonymous_50)
FNF:21
FNH:15
FNDA:16,(anonymous_16)
FNDA:3,(anonymous_17)
FNDA:2,(anonymous_19)
FNDA:1,(anonymous_21)
FNDA:2,(anonymous_23)
FNDA:1,(anonymous_25)
FNDA:0,(anonymous_27)
FNDA:0,(anonymous_28)
FNDA:0,(anonymous_29)
FNDA:0,(anonymous_30)
FNDA:0,(anonymous_31)
FNDA:1,(anonymous_33)
FNDA:1,(anonymous_35)
FNDA:1,(anonymous_37)
FNDA:1,(anonymous_39)
FNDA:1,(anonymous_41)
FNDA:1,(anonymous_43)
FNDA:0,(anonymous_45)
FNDA:1,(anonymous_46)
FNDA:1,(anonymous_48)
FNDA:1,(anonymous_50)
DA:2,1
DA:3,1
DA:4,1
DA:12,1
DA:16,16
DA:23,3
DA:24,3
DA:26,3
DA:27,1
DA:28,1
DA:31,2
DA:33,1
DA:38,1
DA:42,1
DA:53,2
DA:54,2
DA:56,2
DA:57,0
DA:58,0
DA:61,2
DA:64,2
DA:65,1
DA:66,1
DA:69,1
DA:71,1
DA:76,0
DA:80,0
DA:91,1
DA:92,1
DA:94,1
DA:95,0
DA:96,0
DA:99,1
DA:101,1
DA:106,0
DA:110,0
DA:121,2
DA:122,2
DA:124,2
DA:125,0
DA:126,0
DA:129,2
DA:130,1
DA:131,1
DA:143,1
DA:145,1
DA:146,0
DA:147,0
DA:150,1
DA:151,0
DA:152,0
DA:155,1
DA:167,1
DA:169,1
DA:172,1
DA:174,1
DA:180,0
DA:184,0
DA:195,1
DA:197,1
DA:201,0
DA:204,0
DA:205,0
DA:225,0
DA:227,0
DA:235,0
DA:236,0
DA:238,0
DA:239,0
DA:253,0
DA:255,0
DA:259,1
DA:267,0
DA:268,0
DA:270,0
DA:271,0
DA:272,0
DA:276,0
DA:282,0
DA:286,0
DA:297,1
DA:298,1
DA:300,1
DA:301,0
DA:302,0
DA:305,1
DA:306,1
DA:308,1
DA:309,0
DA:310,0
DA:313,1
DA:320,1
DA:329,1
DA:331,1
DA:336,0
DA:340,0
DA:351,1
DA:352,1
DA:354,1
DA:355,0
DA:356,0
DA:359,1
DA:361,1
DA:366,0
DA:370,0
DA:381,1
DA:382,1
DA:384,1
DA:385,0
DA:386,0
DA:389,1
DA:391,1
DA:392,0
DA:393,0
DA:396,1
DA:401,1
DA:403,1
DA:405,1
DA:410,0
DA:414,0
DA:427,1
DA:428,1
DA:430,1
DA:435,0
DA:437,0
DA:448,1
DA:449,1
DA:450,1
DA:451,1
DA:453,1
DA:454,0
DA:455,0
DA:459,1
DA:460,0
DA:463,0
DA:466,1
DA:468,1
DA:471,1
DA:473,1
DA:485,0
DA:489,0
DA:500,1
DA:502,1
DA:503,0
DA:505,0
DA:506,0
DA:509,0
DA:529,0
DA:530,0
DA:532,0
DA:546,0
DA:549,0
DA:554,1
DA:562,1
DA:563,1
DA:565,1
DA:570,0
DA:572,0
DA:583,1
DA:584,1
DA:585,1
DA:586,1
DA:588,1
DA:589,0
DA:590,0
DA:593,1
DA:595,1
DA:597,1
DA:602,0
DA:606,0
DA:617,1
DA:618,1
DA:620,1
DA:625,0
DA:627,0
LF:175
LH:99
BRDA:24,0,0,1
BRDA:24,0,1,2
BRDA:24,1,0,3
BRDA:24,1,1,3
BRDA:26,2,0,1
BRDA:39,3,0,0
BRDA:39,3,1,1
BRDA:39,4,0,1
BRDA:39,4,1,1
BRDA:54,5,0,0
BRDA:54,5,1,2
BRDA:54,6,0,2
BRDA:54,6,1,2
BRDA:56,7,0,0
BRDA:64,8,0,1
BRDA:64,9,0,2
BRDA:64,9,1,2
BRDA:64,9,2,1
BRDA:77,10,0,0
BRDA:77,10,1,0
BRDA:77,11,0,0
BRDA:77,11,1,0
BRDA:92,12,0,0
BRDA:92,12,1,1
BRDA:92,13,0,1
BRDA:92,13,1,1
BRDA:94,14,0,0
BRDA:107,15,0,0
BRDA:107,15,1,0
BRDA:107,16,0,0
BRDA:107,16,1,0
BRDA:122,17,0,0
BRDA:122,17,1,2
BRDA:122,18,0,2
BRDA:122,18,1,2
BRDA:124,19,0,0
BRDA:129,20,0,1
BRDA:145,21,0,0
BRDA:145,22,0,1
BRDA:145,22,1,1
BRDA:150,23,0,0
BRDA:150,24,0,1
BRDA:150,24,1,1
BRDA:181,25,0,0
BRDA:181,25,1,0
BRDA:181,26,0,0
BRDA:181,26,1,0
BRDA:268,27,0,0
BRDA:268,27,1,0
BRDA:268,28,0,0
BRDA:268,28,1,0
BRDA:270,29,0,0
BRDA:283,30,0,0
BRDA:283,30,1,0
BRDA:283,31,0,0
BRDA:283,31,1,0
BRDA:298,32,0,0
BRDA:298,32,1,1
BRDA:298,33,0,1
BRDA:298,33,1,1
BRDA:300,34,0,0
BRDA:308,35,0,0
BRDA:308,36,0,1
BRDA:308,36,1,1
BRDA:308,36,2,1
BRDA:352,37,0,0
BRDA:352,37,1,1
BRDA:352,38,0,1
BRDA:352,38,1,1
BRDA:354,39,0,0
BRDA:367,40,0,0
BRDA:367,40,1,0
BRDA:367,41,0,0
BRDA:367,41,1,0
BRDA:382,42,0,0
BRDA:382,42,1,1
BRDA:382,43,0,1
BRDA:382,43,1,1
BRDA:384,44,0,0
BRDA:391,45,0,0
BRDA:391,46,0,1
BRDA:391,46,1,1
BRDA:391,46,2,1
BRDA:411,47,0,0
BRDA:411,47,1,0
BRDA:411,48,0,0
BRDA:411,48,1,0
BRDA:449,49,0,0
BRDA:449,49,1,1
BRDA:449,50,0,1
BRDA:449,50,1,1
BRDA:453,51,0,0
BRDA:459,52,0,0
BRDA:459,53,0,1
BRDA:459,53,1,1
BRDA:459,53,2,1
BRDA:459,53,3,1
BRDA:477,54,0,1
BRDA:477,54,1,0
BRDA:482,55,0,1
BRDA:482,55,1,0
BRDA:486,56,0,0
BRDA:486,56,1,0
BRDA:486,57,0,0
BRDA:486,57,1,0
BRDA:503,58,0,0
BRDA:511,59,0,0
BRDA:511,59,1,0
BRDA:512,60,0,0
BRDA:512,60,1,0
BRDA:514,61,0,0
BRDA:514,61,1,0
BRDA:515,62,0,0
BRDA:515,62,1,0
BRDA:523,63,0,0
BRDA:523,63,1,0
BRDA:533,64,0,0
BRDA:533,64,1,0
BRDA:534,65,0,0
BRDA:534,65,1,0
BRDA:536,66,0,0
BRDA:536,66,1,0
BRDA:539,67,0,0
BRDA:539,67,1,0
BRDA:584,68,0,0
BRDA:584,68,1,1
BRDA:584,69,0,1
BRDA:584,69,1,1
BRDA:588,70,0,0
BRDA:599,71,0,1
BRDA:599,71,1,0
BRDA:603,72,0,0
BRDA:603,72,1,0
BRDA:603,73,0,0
BRDA:603,73,1,0
BRF:135
BRH:54
end_of_record
TN:
SF:src\controllers\pushNotificationController.ts
FN:11,(anonymous_7)
FN:11,(anonymous_8)
FN:60,(anonymous_9)
FN:60,(anonymous_10)
FN:87,(anonymous_11)
FN:87,(anonymous_12)
FN:118,(anonymous_13)
FN:118,(anonymous_14)
FN:149,(anonymous_15)
FN:149,(anonymous_16)
FN:203,(anonymous_17)
FN:203,(anonymous_18)
FN:249,(anonymous_19)
FN:249,(anonymous_20)
FN:267,(anonymous_21)
FN:267,(anonymous_22)
FN:282,(anonymous_23)
FN:282,(anonymous_24)
FN:308,(anonymous_25)
FN:308,(anonymous_26)
FN:328,(anonymous_27)
FN:328,(anonymous_28)
FN:343,(anonymous_29)
FN:343,(anonymous_30)
FN:358,(anonymous_31)
FN:358,(anonymous_32)
FNF:26
FNH:0
FNDA:0,(anonymous_7)
FNDA:0,(anonymous_8)
FNDA:0,(anonymous_9)
FNDA:0,(anonymous_10)
FNDA:0,(anonymous_11)
FNDA:0,(anonymous_12)
FNDA:0,(anonymous_13)
FNDA:0,(anonymous_14)
FNDA:0,(anonymous_15)
FNDA:0,(anonymous_16)
FNDA:0,(anonymous_17)
FNDA:0,(anonymous_18)
FNDA:0,(anonymous_19)
FNDA:0,(anonymous_20)
FNDA:0,(anonymous_21)
FNDA:0,(anonymous_22)
FNDA:0,(anonymous_23)
FNDA:0,(anonymous_24)
FNDA:0,(anonymous_25)
FNDA:0,(anonymous_26)
FNDA:0,(anonymous_27)
FNDA:0,(anonymous_28)
FNDA:0,(anonymous_29)
FNDA:0,(anonymous_30)
FNDA:0,(anonymous_31)
FNDA:0,(anonymous_32)
DA:2,0
DA:3,0
DA:4,0
DA:10,0
DA:11,0
DA:12,0
DA:13,0
DA:15,0
DA:16,0
DA:25,0
DA:26,0
DA:35,0
DA:44,0
DA:48,0
DA:59,0
DA:60,0
DA:61,0
DA:63,0
DA:64,0
DA:73,0
DA:75,0
DA:86,0
DA:87,0
DA:88,0
DA:89,0
DA:91,0
DA:92,0
DA:101,0
DA:103,0
DA:107,0
DA:117,0
DA:118,0
DA:119,0
DA:120,0
DA:122,0
DA:123,0
DA:132,0
DA:134,0
DA:138,0
DA:148,0
DA:149,0
DA:150,0
DA:152,0
DA:153,0
DA:162,0
DA:163,0
DA:174,0
DA:176,0
DA:177,0
DA:181,0
DA:187,0
DA:188,0
DA:202,0
DA:203,0
DA:204,0
DA:206,0
DA:207,0
DA:217,0
DA:219,0
DA:220,0
DA:227,0
DA:233,0
DA:234,0
DA:248,0
DA:249,0
DA:250,0
DA:253,0
DA:255,0
DA:266,0
DA:267,0
DA:268,0
DA:270,0
DA:281,0
DA:282,0
DA:283,0
DA:284,0
DA:287,0
DA:292,0
DA:296,0
DA:307,0
DA:308,0
DA:309,0
DA:311,0
DA:313,0
DA:317,0
DA:327,0
DA:328,0
DA:329,0
DA:331,0
DA:342,0
DA:343,0
DA:344,0
DA:346,0
DA:357,0
DA:358,0
DA:359,0
DA:361,0
DA:362,0
DA:371,0
DA:387,0
DA:392,0
DA:396,0
LF:102
LH:0
BRDA:13,0,0,0
BRDA:13,0,1,0
BRDA:13,1,0,0
BRDA:13,1,1,0
BRDA:15,2,0,0
BRDA:25,3,0,0
BRDA:25,4,0,0
BRDA:25,4,1,0
BRDA:61,5,0,0
BRDA:61,5,1,0
BRDA:61,6,0,0
BRDA:61,6,1,0
BRDA:63,7,0,0
BRDA:89,8,0,0
BRDA:89,8,1,0
BRDA:89,9,0,0
BRDA:89,9,1,0
BRDA:91,10,0,0
BRDA:122,11,0,0
BRDA:122,12,0,0
BRDA:122,12,1,0
BRDA:152,13,0,0
BRDA:152,14,0,0
BRDA:152,14,1,0
BRDA:162,15,0,0
BRDA:162,16,0,0
BRDA:162,16,1,0
BRDA:176,17,0,0
BRDA:176,17,1,0
BRDA:206,18,0,0
BRDA:206,19,0,0
BRDA:206,19,1,0
BRDA:206,19,2,0
BRDA:219,20,0,0
BRDA:219,20,1,0
BRDA:359,21,0,0
BRDA:359,21,1,0
BRDA:359,22,0,0
BRDA:359,22,1,0
BRDA:361,23,0,0
BRF:40
BRH:0
end_of_record
TN:
SF:src\controllers\ratingController.ts
FN:9,(anonymous_7)
FN:88,(anonymous_9)
FN:150,(anonymous_11)
FN:202,(anonymous_13)
FN:293,(anonymous_15)
FN:344,(anonymous_17)
FN:397,(anonymous_19)
FN:441,(anonymous_21)
FN:481,(anonymous_23)
FN:515,(anonymous_25)
FNF:10
FNH:10
FNDA:59,(anonymous_7)
FNDA:2,(anonymous_9)
FNDA:1,(anonymous_11)
FNDA:2,(anonymous_13)
FNDA:1,(anonymous_15)
FNDA:2,(anonymous_17)
FNDA:1,(anonymous_19)
FNDA:1,(anonymous_21)
FNDA:1,(anonymous_23)
FNDA:1,(anonymous_25)
DA:2,2
DA:3,2
DA:5,2
DA:10,59
DA:11,59
DA:12,59
DA:14,59
DA:15,1
DA:19,1
DA:23,58
DA:24,13
DA:28,13
DA:31,45
DA:32,12
DA:36,12
DA:39,33
DA:40,6
DA:44,6
DA:47,27
DA:57,21
DA:66,18
DA:72,9
DA:78,9
DA:89,2
DA:90,2
DA:91,2
DA:93,2
DA:94,1
DA:98,1
DA:101,1
DA:102,0
DA:106,0
DA:109,1
DA:117,1
DA:119,1
DA:127,1
DA:134,0
DA:140,0
DA:151,1
DA:152,1
DA:154,1
DA:155,0
DA:159,0
DA:162,1
DA:163,0
DA:167,0
DA:170,1
DA:172,1
DA:180,1
DA:186,0
DA:192,0
DA:203,2
DA:204,2
DA:205,2
DA:206,2
DA:208,2
DA:209,0
DA:213,0
DA:216,2
DA:217,0
DA:221,0
DA:225,2
DA:226,2
DA:227,0
DA:231,0
DA:234,2
DA:235,0
DA:239,0
DA:242,2
DA:243,2
DA:244,2
DA:245,1
DA:249,1
DA:251,1
DA:254,1
DA:255,1
DA:258,1
DA:259,0
DA:262,1
DA:264,1
DA:271,1
DA:277,0
DA:283,0
DA:294,1
DA:295,1
DA:296,1
DA:298,1
DA:299,0
DA:303,0
DA:306,1
DA:307,0
DA:311,0
DA:314,1
DA:316,1
DA:323,1
DA:328,0
DA:334,0
DA:345,2
DA:346,2
DA:347,2
DA:348,2
DA:350,2
DA:351,0
DA:355,0
DA:358,2
DA:359,1
DA:363,1
DA:366,1
DA:368,1
DA:376,1
DA:381,0
DA:387,0
DA:398,1
DA:399,1
DA:401,1
DA:402,0
DA:406,0
DA:409,1
DA:411,1
DA:418,1
DA:425,0
DA:431,0
DA:442,1
DA:443,1
DA:445,1
DA:450,1
DA:458,1
DA:465,0
DA:471,0
DA:482,1
DA:483,1
DA:485,1
DA:487,1
DA:493,1
DA:499,0
DA:505,0
DA:516,1
DA:517,1
DA:518,1
DA:520,1
DA:521,0
DA:525,0
DA:528,1
DA:529,0
DA:533,0
DA:536,1
DA:542,1
DA:550,1
DA:557,0
DA:563,0
DA:571,2
LF:151
LH:106
BRDA:12,0,0,1
BRDA:12,0,1,58
BRDA:12,1,0,59
BRDA:12,1,1,59
BRDA:14,2,0,1
BRDA:23,3,0,13
BRDA:23,4,0,58
BRDA:23,4,1,55
BRDA:23,4,2,51
BRDA:23,4,3,49
BRDA:31,5,0,12
BRDA:31,6,0,45
BRDA:31,6,1,39
BRDA:39,7,0,6
BRDA:39,8,0,33
BRDA:39,8,1,7
BRDA:72,9,0,8
BRDA:72,9,1,1
BRDA:80,10,0,8
BRDA:80,10,1,1
BRDA:93,11,0,1
BRDA:93,12,0,2
BRDA:93,12,1,2
BRDA:101,13,0,0
BRDA:101,14,0,1
BRDA:101,14,1,0
BRDA:110,15,0,1
BRDA:110,15,1,0
BRDA:111,16,0,1
BRDA:111,16,1,0
BRDA:112,17,0,1
BRDA:112,17,1,0
BRDA:113,18,0,0
BRDA:113,18,1,1
BRDA:114,19,0,0
BRDA:114,19,1,1
BRDA:134,20,0,0
BRDA:134,20,1,0
BRDA:142,21,0,0
BRDA:142,21,1,0
BRDA:154,22,0,0
BRDA:154,23,0,1
BRDA:154,23,1,1
BRDA:162,24,0,0
BRDA:162,25,0,1
BRDA:162,25,1,0
BRDA:186,26,0,0
BRDA:186,26,1,0
BRDA:194,27,0,0
BRDA:194,27,1,0
BRDA:206,28,0,0
BRDA:206,28,1,2
BRDA:206,29,0,2
BRDA:206,29,1,2
BRDA:208,30,0,0
BRDA:216,31,0,0
BRDA:226,32,0,0
BRDA:234,33,0,0
BRDA:243,34,0,2
BRDA:244,35,0,1
BRDA:244,36,0,2
BRDA:244,36,1,2
BRDA:254,37,0,1
BRDA:258,38,0,0
BRDA:277,39,0,0
BRDA:277,39,1,0
BRDA:285,40,0,0
BRDA:285,40,1,0
BRDA:296,41,0,0
BRDA:296,41,1,1
BRDA:296,42,0,1
BRDA:296,42,1,1
BRDA:298,43,0,0
BRDA:306,44,0,0
BRDA:328,45,0,0
BRDA:328,45,1,0
BRDA:336,46,0,0
BRDA:336,46,1,0
BRDA:348,47,0,0
BRDA:348,47,1,2
BRDA:348,48,0,2
BRDA:348,48,1,2
BRDA:350,49,0,0
BRDA:358,50,0,1
BRDA:358,51,0,2
BRDA:358,51,1,2
BRDA:381,52,0,0
BRDA:381,52,1,0
BRDA:389,53,0,0
BRDA:389,53,1,0
BRDA:401,54,0,0
BRDA:425,55,0,0
BRDA:425,55,1,0
BRDA:433,56,0,0
BRDA:433,56,1,0
BRDA:443,57,0,0
BRDA:443,58,0,0
BRDA:465,59,0,0
BRDA:465,59,1,0
BRDA:473,60,0,0
BRDA:473,60,1,0
BRDA:483,61,0,1
BRDA:499,62,0,0
BRDA:499,62,1,0
BRDA:507,63,0,0
BRDA:507,63,1,0
BRDA:518,64,0,0
BRDA:520,65,0,0
BRDA:520,66,0,1
BRDA:520,66,1,1
BRDA:528,67,0,0
BRDA:528,68,0,1
BRDA:528,68,1,0
BRDA:557,69,0,0
BRDA:557,69,1,0
BRDA:565,70,0,0
BRDA:565,70,1,0
BRF:117
BRH:53
end_of_record
TN:
SF:src\controllers\registerAuthController.ts
FN:34,(anonymous_7)
FN:37,(anonymous_8)
FNF:2
FNH:0
FNDA:0,(anonymous_7)
FNDA:0,(anonymous_8)
DA:2,0
DA:5,0
DA:34,0
DA:37,0
DA:38,0
DA:40,0
DA:41,0
DA:43,0
DA:44,0
DA:45,0
DA:48,0
DA:53,0
DA:56,0
DA:58,0
LF:14
LH:0
BRDA:43,0,0,0
BRF:1
BRH:0
end_of_record
TN:
SF:src\controllers\searchController.ts
FN:10,(anonymous_7)
FN:10,(anonymous_8)
FN:61,(anonymous_9)
FN:61,(anonymous_10)
FN:112,(anonymous_11)
FN:112,(anonymous_12)
FN:152,(anonymous_13)
FN:152,(anonymous_14)
FN:203,(anonymous_15)
FN:203,(anonymous_16)
FN:246,(anonymous_17)
FN:246,(anonymous_18)
FN:300,(anonymous_19)
FN:300,(anonymous_20)
FNF:14
FNH:0
FNDA:0,(anonymous_7)
FNDA:0,(anonymous_8)
FNDA:0,(anonymous_9)
FNDA:0,(anonymous_10)
FNDA:0,(anonymous_11)
FNDA:0,(anonymous_12)
FNDA:0,(anonymous_13)
FNDA:0,(anonymous_14)
FNDA:0,(anonymous_15)
FNDA:0,(anonymous_16)
FNDA:0,(anonymous_17)
FNDA:0,(anonymous_18)
FNDA:0,(anonymous_19)
FNDA:0,(anonymous_20)
DA:2,0
DA:3,0
DA:4,0
DA:9,0
DA:10,0
DA:11,0
DA:31,0
DA:35,0
DA:37,0
DA:44,0
DA:60,0
DA:61,0
DA:62,0
DA:82,0
DA:86,0
DA:88,0
DA:95,0
DA:111,0
DA:112,0
DA:113,0
DA:122,0
DA:126,0
DA:128,0
DA:135,0
DA:151,0
DA:152,0
DA:153,0
DA:168,0
DA:172,0
DA:174,0
DA:183,0
DA:202,0
DA:203,0
DA:204,0
DA:205,0
DA:207,0
DA:215,0
DA:220,0
DA:228,0
DA:245,0
DA:246,0
DA:247,0
DA:248,0
DA:267,0
DA:271,0
DA:276,0
DA:283,0
DA:299,0
DA:300,0
DA:301,0
DA:302,0
DA:310,0
DA:314,0
DA:319,0
DA:327,0
LF:55
LH:0
BRDA:19,0,0,0
BRDA:19,0,1,0
BRDA:25,1,0,0
BRDA:25,1,1,0
BRDA:26,2,0,0
BRDA:26,2,1,0
BRDA:32,3,0,0
BRDA:32,3,1,0
BRDA:32,4,0,0
BRDA:32,4,1,0
BRDA:40,5,0,0
BRDA:40,5,1,0
BRDA:40,6,0,0
BRDA:40,6,1,0
BRDA:70,7,0,0
BRDA:70,7,1,0
BRDA:76,8,0,0
BRDA:76,8,1,0
BRDA:77,9,0,0
BRDA:77,9,1,0
BRDA:83,10,0,0
BRDA:83,10,1,0
BRDA:83,11,0,0
BRDA:83,11,1,0
BRDA:91,12,0,0
BRDA:91,12,1,0
BRDA:91,13,0,0
BRDA:91,13,1,0
BRDA:116,14,0,0
BRDA:116,14,1,0
BRDA:117,15,0,0
BRDA:117,15,1,0
BRDA:123,16,0,0
BRDA:123,16,1,0
BRDA:123,17,0,0
BRDA:123,17,1,0
BRDA:131,18,0,0
BRDA:131,18,1,0
BRDA:131,19,0,0
BRDA:131,19,1,0
BRDA:162,20,0,0
BRDA:162,20,1,0
BRDA:163,21,0,0
BRDA:163,21,1,0
BRDA:169,22,0,0
BRDA:169,22,1,0
BRDA:169,23,0,0
BRDA:169,23,1,0
BRDA:179,24,0,0
BRDA:179,24,1,0
BRDA:179,25,0,0
BRDA:179,25,1,0
BRDA:205,26,0,0
BRDA:205,26,1,0
BRDA:211,27,0,0
BRDA:211,27,1,0
BRDA:211,28,0,0
BRDA:211,28,1,0
BRDA:224,29,0,0
BRDA:224,29,1,0
BRDA:224,30,0,0
BRDA:224,30,1,0
BRDA:247,31,0,0
BRDA:247,31,1,0
BRDA:247,32,0,0
BRDA:247,32,1,0
BRDA:255,33,0,0
BRDA:255,33,1,0
BRDA:261,34,0,0
BRDA:261,34,1,0
BRDA:262,35,0,0
BRDA:262,35,1,0
BRDA:304,36,0,0
BRDA:304,36,1,0
BRDA:305,37,0,0
BRDA:305,37,1,0
BRDA:311,38,0,0
BRDA:311,38,1,0
BRDA:311,39,0,0
BRDA:311,39,1,0
BRDA:323,40,0,0
BRDA:323,40,1,0
BRDA:323,41,0,0
BRDA:323,41,1,0
BRF:84
BRH:0
end_of_record
TN:
SF:src\middleware\adminOnly.ts
FN:8,adminOnly
FN:14,(anonymous_1)
FN:51,requireRole
FN:52,(anonymous_3)
FN:54,(anonymous_4)
FNF:5
FNH:0
FNDA:0,adminOnly
FNDA:0,(anonymous_1)
FNDA:0,requireRole
FNDA:0,(anonymous_3)
FNDA:0,(anonymous_4)
DA:2,0
DA:8,0
DA:14,0
DA:15,0
DA:17,0
DA:21,0
DA:23,0
DA:24,0
DA:25,0
DA:28,0
DA:39,0
DA:41,0
DA:51,0
DA:52,0
DA:54,0
DA:55,0
DA:57,0
DA:61,0
DA:62,0
DA:63,0
DA:64,0
DA:66,0
LF:22
LH:0
BRDA:15,0,0,0
BRDA:23,1,0,0
BRDA:28,2,0,0
BRDA:28,2,1,0
BRDA:29,3,0,0
BRDA:29,3,1,0
BRDA:29,3,2,0
BRDA:29,3,3,0
BRDA:29,3,4,0
BRDA:29,3,5,0
BRDA:29,3,6,0
BRDA:29,3,7,0
BRDA:29,3,8,0
BRDA:55,4,0,0
BRDA:62,5,0,0
BRDA:62,6,0,0
BRDA:62,6,1,0
BRF:17
BRH:0
end_of_record
TN:
SF:src\middleware\authMiddleware.ts
FN:5,authMiddleware
FN:33,requireRole
FN:34,(anonymous_3)
FNF:3
FNH:1
FNDA:6,authMiddleware
FNDA:0,requireRole
FNDA:0,(anonymous_3)
DA:2,1
DA:3,1
DA:5,1
DA:10,6
DA:12,6
DA:13,2
DA:14,2
DA:17,4
DA:19,4
DA:20,4
DA:22,2
DA:23,2
DA:25,2
DA:33,1
DA:34,0
DA:35,0
DA:36,0
DA:37,0
DA:39,0
LF:19
LH:14
BRDA:12,0,0,2
BRDA:12,1,0,6
BRDA:12,1,1,5
BRDA:36,2,0,0
BRDA:36,3,0,0
BRDA:36,3,1,0
BRF:6
BRH:3
end_of_record
TN:
SF:src\middleware\compressionMiddleware.ts
FN:15,(anonymous_0)
FN:25,(anonymous_1)
FN:32,(anonymous_2)
FN:52,(anonymous_3)
FN:79,(anonymous_4)
FN:80,(anonymous_5)
FN:105,(anonymous_6)
FN:133,(anonymous_7)
FNF:8
FNH:0
FNDA:0,(anonymous_0)
FNDA:0,(anonymous_1)
FNDA:0,(anonymous_2)
FNDA:0,(anonymous_3)
FNDA:0,(anonymous_4)
FNDA:0,(anonymous_5)
FNDA:0,(anonymous_6)
FNDA:0,(anonymous_7)
DA:2,0
DA:10,0
DA:16,0
DA:22,0
DA:26,0
DA:27,0
DA:29,0
DA:33,0
DA:35,0
DA:36,0
DA:37,0
DA:41,0
DA:46,0
DA:54,0
DA:55,0
DA:59,0
DA:60,0
DA:61,0
DA:65,0
DA:66,0
DA:73,0
DA:76,0
DA:80,0
DA:82,0
DA:83,0
DA:87,0
DA:88,0
DA:92,0
DA:95,0
DA:101,0
DA:106,0
DA:108,0
DA:109,0
DA:112,0
DA:113,0
DA:117,0
DA:118,0
DA:119,0
DA:121,0
DA:124,0
DA:126,0
DA:129,0
DA:139,0
DA:140,0
DA:141,0
DA:145,0
DA:148,0
DA:158,0
LF:48
LH:0
BRDA:15,0,0,0
BRDA:26,1,0,0
BRDA:35,2,0,0
BRDA:35,2,1,0
BRDA:54,3,0,0
BRDA:54,4,0,0
BRDA:54,4,1,0
BRDA:59,5,0,0
BRDA:59,5,1,0
BRDA:60,6,0,0
BRDA:60,7,0,0
BRDA:60,7,1,0
BRDA:66,8,0,0
BRDA:66,9,0,0
BRDA:66,9,1,0
BRDA:66,9,2,0
BRDA:66,9,3,0
BRDA:66,9,4,0
BRDA:66,9,5,0
BRDA:82,10,0,0
BRDA:82,11,0,0
BRDA:82,11,1,0
BRDA:87,12,0,0
BRDA:108,13,0,0
BRDA:112,14,0,0
BRDA:112,15,0,0
BRDA:112,15,1,0
BRDA:139,16,0,0
BRDA:139,16,1,0
BRDA:141,17,0,0
BRDA:141,17,1,0
BRDA:142,18,0,0
BRDA:142,18,1,0
BRDA:145,19,0,0
BRDA:145,19,1,0
BRDA:152,20,0,0
BRDA:152,20,1,0
BRF:37
BRH:0
end_of_record
TN:
SF:src\middleware\errorHandler.ts
FN:15,(anonymous_0)
FN:27,errorHandler
FN:93,asyncHandler
FN:94,(anonymous_3)
FN:102,notFoundHandler
FNF:5
FNH:0
FNDA:0,(anonymous_0)
FNDA:0,errorHandler
FNDA:0,asyncHandler
FNDA:0,(anonymous_3)
FNDA:0,notFoundHandler
DA:11,0
DA:16,0
DA:17,0
DA:18,0
DA:20,0
DA:27,0
DA:33,0
DA:34,0
DA:37,0
DA:48,0
DA:49,0
DA:50,0
DA:54,0
DA:55,0
DA:56,0
DA:60,0
DA:61,0
DA:62,0
DA:66,0
DA:67,0
DA:68,0
DA:72,0
DA:73,0
DA:74,0
DA:78,0
DA:79,0
DA:80,0
DA:83,0
DA:93,0
DA:94,0
DA:95,0
DA:102,0
DA:107,0
DA:111,0
LF:34
LH:0
BRDA:15,0,0,0
BRDA:48,1,0,0
BRDA:54,2,0,0
BRDA:60,3,0,0
BRDA:66,4,0,0
BRDA:72,5,0,0
BRDA:72,6,0,0
BRDA:72,6,1,0
BRDA:78,7,0,0
BRDA:83,8,0,0
BRDA:83,8,1,0
BRDA:85,9,0,0
BRDA:85,9,1,0
BRDA:86,10,0,0
BRDA:86,10,1,0
BRF:15
BRH:0
end_of_record
TN:
SF:src\middleware\queryOptimizationMiddleware.ts
FN:27,(anonymous_0)
FN:38,(anonymous_1)
FN:45,(anonymous_2)
FN:46,(anonymous_3)
FN:77,(anonymous_4)
FN:123,(anonymous_5)
FN:137,(anonymous_6)
FN:166,(anonymous_7)
FN:170,(anonymous_8)
FN:179,(anonymous_9)
FN:221,(anonymous_10)
FNF:11
FNH:0
FNDA:0,(anonymous_0)
FNDA:0,(anonymous_1)
FNDA:0,(anonymous_2)
FNDA:0,(anonymous_3)
FNDA:0,(anonymous_4)
FNDA:0,(anonymous_5)
FNDA:0,(anonymous_6)
FNDA:0,(anonymous_7)
FNDA:0,(anonymous_8)
FNDA:0,(anonymous_9)
FNDA:0,(anonymous_10)
DA:2,0
DA:23,0
DA:28,0
DA:39,0
DA:40,0
DA:42,0
DA:46,0
DA:47,0
DA:49,0
DA:52,0
DA:55,0
DA:56,0
DA:57,0
DA:59,0
DA:67,0
DA:69,0
DA:72,0
DA:78,0
DA:87,0
DA:88,0
DA:89,0
DA:92,0
DA:93,0
DA:94,0
DA:97,0
DA:98,0
DA:99,0
DA:103,0
DA:106,0
DA:107,0
DA:110,0
DA:111,0
DA:112,0
DA:116,0
DA:117,0
DA:121,0
DA:122,0
DA:123,0
DA:127,0
DA:128,0
DA:129,0
DA:130,0
DA:134,0
DA:138,0
DA:139,0
DA:140,0
DA:142,0
DA:143,0
DA:144,0
DA:145,0
DA:146,0
DA:147,0
DA:150,0
DA:151,0
DA:153,0
DA:155,0
DA:156,0
DA:157,0
DA:160,0
DA:161,0
DA:162,0
DA:165,0
DA:166,0
DA:171,0
DA:172,0
DA:175,0
DA:176,0
DA:177,0
DA:179,0
DA:180,0
DA:182,0
DA:188,0
DA:191,0
DA:200,0
DA:201,0
DA:208,0
DA:212,0
DA:214,0
DA:217,0
DA:227,0
DA:228,0
DA:229,0
DA:230,0
DA:231,0
DA:233,0
DA:243,0
LF:86
LH:0
BRDA:27,0,0,0
BRDA:39,1,0,0
BRDA:87,2,0,0
BRDA:88,3,0,0
BRDA:88,3,1,0
BRDA:92,4,0,0
BRDA:93,5,0,0
BRDA:93,5,1,0
BRDA:97,6,0,0
BRDA:98,7,0,0
BRDA:98,7,1,0
BRDA:106,8,0,0
BRDA:110,9,0,0
BRDA:112,10,0,0
BRDA:112,10,1,0
BRDA:116,11,0,0
BRDA:121,12,0,0
BRDA:122,13,0,0
BRDA:122,13,1,0
BRDA:129,14,0,0
BRDA:155,15,0,0
BRDA:160,16,0,0
BRDA:175,17,0,0
BRDA:177,18,0,0
BRDA:177,18,1,0
BRDA:177,19,0,0
BRDA:177,19,1,0
BRDA:188,20,0,0
BRDA:200,21,0,0
BRDA:203,22,0,0
BRDA:203,22,1,0
BRDA:227,23,0,0
BRDA:227,23,1,0
BRDA:229,24,0,0
BRDA:229,24,1,0
BRDA:230,25,0,0
BRDA:230,25,1,0
BRF:37
BRH:0
end_of_record
TN:
SF:src\middleware\requireRole.ts
FN:5,(anonymous_0)
FN:6,(anonymous_1)
FNF:2
FNH:0
FNDA:0,(anonymous_0)
FNDA:0,(anonymous_1)
DA:2,0
DA:5,0
DA:6,0
DA:7,0
DA:8,0
DA:10,0
DA:11,0
DA:14,0
DA:15,0
DA:21,0
DA:23,0
DA:29,0
DA:30,0
DA:31,0
DA:36,0
LF:15
LH:0
BRDA:10,0,0,0
BRDA:14,1,0,0
BRF:2
BRH:0
end_of_record
TN:
SF:src\middleware\uploadMiddleware.ts
FN:8,(anonymous_1)
FN:62,(anonymous_2)
FN:116,(anonymous_3)
FN:142,(anonymous_4)
FNF:4
FNH:0
FNDA:0,(anonymous_1)
FNDA:0,(anonymous_2)
FNDA:0,(anonymous_3)
FNDA:0,(anonymous_4)
DA:2,0
DA:3,0
DA:8,0
DA:14,0
DA:15,0
DA:16,0
DA:21,0
DA:24,0
DA:25,0
DA:30,0
DA:33,0
DA:38,0
DA:41,0
DA:42,0
DA:47,0
DA:50,0
DA:51,0
DA:56,0
DA:62,0
DA:67,0
DA:68,0
DA:72,0
DA:76,0
DA:77,0
DA:78,0
DA:83,0
DA:87,0
DA:95,0
DA:96,0
DA:101,0
DA:104,0
DA:110,0
DA:117,0
DA:125,0
DA:126,0
DA:128,0
DA:136,0
DA:143,0
DA:151,0
DA:152,0
DA:154,0
DA:160,0
LF:42
LH:0
BRDA:14,0,0,0
BRDA:15,1,0,0
BRDA:24,2,0,0
BRDA:41,3,0,0
BRDA:41,4,0,0
BRDA:41,4,1,0
BRDA:67,5,0,0
BRDA:77,6,0,0
BRDA:95,7,0,0
BRDA:125,8,0,0
BRDA:125,8,1,0
BRDA:151,9,0,0
BRDA:151,9,1,0
BRF:13
BRH:0
end_of_record
TN:
SF:src\middleware\validationMiddleware.ts
FN:26,(anonymous_0)
FN:40,sanitizeInput
FN:53,(anonymous_2)
FN:70,validateAndSanitize
FN:92,(anonymous_4)
FN:130,validate
FN:135,(anonymous_6)
FN:182,validateId
FN:232,validatePagination
FN:294,(anonymous_10)
FN:349,(anonymous_11)
FN:377,validateCoordinates
FN:423,validateDateRange
FN:501,validatePriceRange
FN:558,validateUserRole
FN:559,(anonymous_16)
FN:589,validateQueryLimit
FN:590,(anonymous_18)
FN:612,validateSearchQuery
FNF:19
FNH:5
FNDA:0,(anonymous_0)
FNDA:47,sanitizeInput
FNDA:0,(anonymous_2)
FNDA:10,validateAndSanitize
FNDA:21,(anonymous_4)
FNDA:10,validate
FNDA:10,(anonymous_6)
FNDA:0,validateId
FNDA:0,validatePagination
FNDA:0,(anonymous_10)
FNDA:0,(anonymous_11)
FNDA:0,validateCoordinates
FNDA:0,validateDateRange
FNDA:0,validatePriceRange
FNDA:0,validateUserRole
FNDA:0,(anonymous_16)
FNDA:0,validateQueryLimit
FNDA:0,(anonymous_18)
FNDA:0,validateSearchQuery
DA:3,1
DA:22,1
DA:30,0
DA:31,0
DA:32,0
DA:33,0
DA:40,1
DA:41,47
DA:43,37
DA:52,10
DA:53,0
DA:56,10
DA:57,9
DA:58,9
DA:59,37
DA:61,9
DA:64,1
DA:70,1
DA:75,10
DA:83,10
DA:85,10
DA:87,10
DA:89,10
DA:91,10
DA:92,21
DA:99,9
DA:106,1
DA:112,0
DA:113,0
DA:130,1
DA:135,10
DA:136,10
DA:137,10
DA:138,10
DA:140,10
DA:141,9
DA:148,9
DA:155,9
DA:159,1
DA:161,1
DA:167,1
DA:169,0
DA:170,0
DA:182,1
DA:187,0
DA:189,0
DA:190,0
DA:196,0
DA:199,0
DA:202,0
DA:203,0
DA:210,0
DA:214,0
DA:215,0
DA:222,0
DA:225,0
DA:226,0
DA:232,1
DA:237,0
DA:238,0
DA:239,0
DA:241,0
DA:243,0
DA:244,0
DA:251,0
DA:252,0
DA:259,0
DA:260,0
DA:267,0
DA:268,0
DA:274,0
DA:278,0
DA:279,0
DA:285,1
DA:294,0
DA:295,0
DA:296,0
DA:301,0
DA:304,0
DA:309,0
DA:311,0
DA:312,0
DA:315,0
DA:320,0
DA:328,0
DA:329,0
DA:337,0
DA:338,0
DA:339,0
DA:340,0
DA:348,0
DA:349,0
DA:350,0
DA:351,0
DA:360,0
DA:361,0
DA:367,0
DA:370,0
DA:377,1
DA:382,0
DA:384,0
DA:385,0
DA:387,0
DA:389,0
DA:390,0
DA:397,0
DA:398,0
DA:405,0
DA:406,0
DA:412,0
DA:416,0
DA:417,0
DA:423,1
DA:428,0
DA:430,0
DA:431,0
DA:433,0
DA:434,0
DA:439,0
DA:442,0
DA:443,0
DA:445,0
DA:447,0
DA:448,0
DA:455,0
DA:456,0
DA:463,0
DA:464,0
DA:472,0
DA:473,0
DA:475,0
DA:476,0
DA:483,0
DA:484,0
DA:490,0
DA:494,0
DA:495,0
DA:501,1
DA:506,0
DA:508,0
DA:509,0
DA:511,0
DA:512,0
DA:514,0
DA:515,0
DA:522,0
DA:523,0
DA:530,0
DA:531,0
DA:538,0
DA:539,0
DA:545,0
DA:549,0
DA:552,0
DA:558,1
DA:559,0
DA:560,0
DA:562,0
DA:563,0
DA:568,0
DA:571,0
DA:572,0
DA:579,0
DA:582,0
DA:589,1
DA:590,0
DA:591,0
DA:593,0
DA:594,0
DA:602,0
DA:605,0
DA:612,1
DA:617,0
DA:618,0
DA:620,0
DA:621,0
DA:623,0
DA:624,0
DA:630,0
DA:633,0
DA:634,0
DA:641,0
DA:645,0
DA:646,0
DA:652,0
DA:655,0
DA:658,0
LF:187
LH:43
BRDA:28,0,0,0
BRDA:41,1,0,37
BRDA:52,2,0,0
BRDA:56,3,0,9
BRDA:56,4,0,10
BRDA:56,4,1,10
BRDA:73,5,0,0
BRDA:91,6,0,9
BRDA:95,7,0,0
BRDA:95,7,1,21
BRDA:95,8,0,21
BRDA:95,8,1,21
BRDA:132,9,0,10
BRDA:133,10,0,10
BRDA:140,11,0,9
BRDA:142,12,0,9
BRDA:142,12,1,0
BRDA:142,13,0,9
BRDA:142,13,1,0
BRDA:162,14,0,1
BRDA:162,14,1,0
BRDA:162,15,0,1
BRDA:162,15,1,0
BRDA:189,16,0,0
BRDA:189,17,0,0
BRDA:189,17,1,0
BRDA:202,18,0,0
BRDA:202,19,0,0
BRDA:202,19,1,0
BRDA:214,20,0,0
BRDA:237,21,0,0
BRDA:237,21,1,0
BRDA:238,22,0,0
BRDA:238,22,1,0
BRDA:239,23,0,0
BRDA:239,23,1,0
BRDA:243,24,0,0
BRDA:251,25,0,0
BRDA:251,26,0,0
BRDA:251,26,1,0
BRDA:259,27,0,0
BRDA:267,28,0,0
BRDA:286,29,0,0
BRDA:292,30,0,0
BRDA:295,31,0,0
BRDA:295,32,0,0
BRDA:295,32,1,0
BRDA:304,33,0,0
BRDA:304,33,1,0
BRDA:305,34,0,0
BRDA:305,34,1,0
BRDA:312,35,0,0
BRDA:315,36,0,0
BRDA:316,37,0,0
BRDA:316,37,1,0
BRDA:316,37,2,0
BRDA:328,38,0,0
BRDA:328,39,0,0
BRDA:328,39,1,0
BRDA:337,40,0,0
BRDA:337,41,0,0
BRDA:337,41,1,0
BRDA:339,42,0,0
[...]
BRDA:465,29,1,0
BRDA:467,30,0,0
BRDA:467,30,1,0
BRDA:467,31,0,0
BRDA:467,31,1,0
BRDA:471,32,0,0
BRDA:471,32,1,0
BRDA:493,33,0,0
BRDA:501,34,0,0
BRDA:538,35,0,0
BRDA:538,35,1,0
BRDA:541,36,0,0
BRDA:555,37,0,0
BRDA:555,37,1,0
BRDA:558,38,0,0
BRDA:558,38,1,0
BRDA:575,39,0,0
BRDA:575,39,1,0
BRDA:612,40,0,0
BRDA:612,40,1,0
BRDA:612,41,0,0
BRDA:612,41,1,0
BRDA:627,42,0,0
BRDA:627,42,1,0
BRDA:627,43,0,0
BRDA:627,43,1,0
BRDA:644,44,0,0
BRDA:644,44,1,0
BRDA:644,45,0,0
BRDA:644,45,1,0
BRDA:663,46,0,0
BRDA:663,46,1,0
BRDA:663,47,0,0
BRDA:663,47,1,0
BRDA:693,48,0,0
BRDA:693,48,1,0
BRDA:693,49,0,0
BRDA:693,49,1,0
BRDA:709,50,0,0
BRDA:740,51,0,0
BRDA:740,51,1,0
BRDA:765,52,0,0
BRDA:767,53,0,0
BRDA:772,54,0,0
BRDA:820,55,0,0
BRDA:820,56,0,0
BRDA:820,56,1,0
BRDA:870,57,0,0
BRDA:885,58,0,0
BRDA:885,58,1,0
BRDA:886,59,0,0
BRDA:886,59,1,0
BRDA:889,60,0,0
BRDA:889,60,1,0
BRF:98
BRH:0
end_of_record
TN:
SF:src\services\rateCalculationService.ts
FN:50,(anonymous_7)
FN:101,(anonymous_8)
FN:155,(anonymous_10)
FN:199,(anonymous_12)
FN:238,(anonymous_14)
FN:282,(anonymous_16)
FN:293,(anonymous_17)
FN:305,(anonymous_18)
FN:317,(anonymous_19)
FN:337,(anonymous_20)
FN:349,(anonymous_21)
FN:366,(anonymous_22)
FN:414,(anonymous_23)
FN:438,(anonymous_25)
FN:447,(anonymous_27)
FN:459,(anonymous_28)
FNF:16
FNH:0
FNDA:0,(anonymous_7)
FNDA:0,(anonymous_8)
FNDA:0,(anonymous_10)
FNDA:0,(anonymous_12)
FNDA:0,(anonymous_14)
FNDA:0,(anonymous_16)
FNDA:0,(anonymous_17)
FNDA:0,(anonymous_18)
FNDA:0,(anonymous_19)
FNDA:0,(anonymous_20)
FNDA:0,(anonymous_21)
FNDA:0,(anonymous_22)
FNDA:0,(anonymous_23)
FNDA:0,(anonymous_25)
FNDA:0,(anonymous_27)
FNDA:0,(anonymous_28)
DA:1,1
DA:2,1
DA:50,1
DA:51,0
DA:52,0
DA:53,0
DA:56,0
DA:71,0
DA:85,0
DA:102,0
DA:103,0
DA:106,0
DA:109,0
DA:112,0
DA:115,0
DA:118,0
DA:121,0
DA:124,0
DA:126,0
DA:134,0
DA:143,0
DA:145,0
DA:148,0
DA:163,0
DA:164,0
DA:165,0
DA:167,0
DA:168,0
DA:169,0
DA:180,0
DA:189,0
DA:192,0
DA:200,0
DA:201,0
DA:206,0
DA:208,0
DA:209,0
DA:210,0
DA:220,0
DA:228,0
DA:231,0
DA:244,0
DA:247,0
DA:250,0
DA:253,0
DA:256,0
DA:259,0
DA:262,0
DA:265,0
DA:267,0
DA:283,0
DA:284,0
DA:285,0
DA:286,0
DA:287,0
DA:294,0
DA:295,0
DA:296,0
DA:297,0
DA:298,0
DA:306,0
DA:307,0
DA:308,0
DA:309,0
DA:310,0
DA:311,0
DA:318,0
DA:321,0
DA:322,0
DA:326,0
DA:327,0
DA:331,0
DA:338,0
DA:339,0
DA:341,0
DA:343,0
DA:350,0
DA:360,0
DA:367,0
DA:420,0
DA:423,0
DA:428,0
DA:439,0
DA:440,0
DA:446,0
DA:447,0
DA:449,0
DA:452,0
DA:465,0
DA:466,0
DA:468,0
DA:473,0
DA:475,0
DA:476,0
DA:477,0
DA:480,0
DA:481,0
DA:482,0
DA:484,0
DA:493,0
DA:508,0
DA:511,0
LF:102
LH:3
BRDA:115,0,0,0
BRDA:115,0,1,0
BRDA:167,1,0,0
BRDA:170,2,0,0
BRDA:170,2,1,0
BRDA:170,3,0,0
BRDA:170,3,1,0
BRDA:170,4,0,0
BRDA:170,4,1,0
BRDA:171,5,0,0
BRDA:171,5,1,0
BRDA:171,6,0,0
BRDA:171,6,1,0
BRDA:171,7,0,0
BRDA:171,7,1,0
BRDA:172,8,0,0
BRDA:172,8,1,0
BRDA:172,9,0,0
BRDA:172,9,1,0
BRDA:172,10,0,0
BRDA:172,10,1,0
BRDA:173,11,0,0
BRDA:173,11,1,0
BRDA:173,12,0,0
BRDA:173,12,1,0
BRDA:173,13,0,0
BRDA:173,13,1,0
BRDA:174,14,0,0
BRDA:174,14,1,0
BRDA:174,15,0,0
BRDA:174,15,1,0
BRDA:174,16,0,0
BRDA:174,16,1,0
BRDA:175,17,0,0
BRDA:175,17,1,0
BRDA:175,18,0,0
BRDA:175,18,1,0
BRDA:175,19,0,0
BRDA:175,19,1,0
BRDA:208,20,0,0
BRDA:211,21,0,0
BRDA:211,21,1,0
BRDA:212,22,0,0
BRDA:212,22,1,0
BRDA:213,23,0,0
BRDA:213,23,1,0
BRDA:214,24,0,0
BRDA:214,24,1,0
BRDA:215,25,0,0
BRDA:215,25,1,0
BRDA:250,26,0,0
BRDA:250,26,1,0
BRDA:253,27,0,0
BRDA:253,27,1,0
BRDA:259,28,0,0
BRDA:259,28,1,0
BRDA:268,29,0,0
BRDA:268,29,1,0
BRDA:283,30,0,0
BRDA:284,31,0,0
BRDA:285,32,0,0
BRDA:286,33,0,0
BRDA:294,34,0,0
BRDA:294,34,1,0
BRDA:294,34,2,0
BRDA:294,34,3,0
BRDA:307,35,0,0
BRDA:308,36,0,0
BRDA:309,37,0,0
BRDA:310,38,0,0
BRDA:321,39,0,0
BRDA:321,40,0,0
BRDA:321,40,1,0
BRDA:321,40,2,0
BRDA:321,40,3,0
BRDA:326,41,0,0
BRDA:326,42,0,0
BRDA:326,42,1,0
BRDA:326,42,2,0
BRDA:326,42,3,0
BRDA:326,42,4,0
BRDA:339,43,0,0
BRDA:339,43,1,0
BRDA:475,44,0,0
BRDA:475,44,1,0
BRF:85
BRH:0
end_of_record
TN:
SF:src\services\ratingService.ts
FN:40,(anonymous_7)
FN:46,(anonymous_8)
FN:107,(anonymous_10)
FN:124,(anonymous_12)
FN:150,(anonymous_14)
FN:183,(anonymous_16)
FN:198,(anonymous_17)
FN:214,(anonymous_19)
FN:219,(anonymous_20)
FN:227,(anonymous_21)
FN:254,(anonymous_22)
FN:299,(anonymous_24)
FN:318,(anonymous_26)
FN:359,(anonymous_28)
FN:359,(anonymous_29)
FN:375,(anonymous_30)
FN:390,(anonymous_31)
FN:398,(anonymous_33)
FN:412,(anonymous_34)
FN:432,(anonymous_36)
FN:449,(anonymous_37)
FN:476,(anonymous_39)
FN:476,(anonymous_40)
FN:484,(anonymous_41)
FN:488,(anonymous_42)
FN:488,(anonymous_43)
FN:499,(anonymous_44)
FN:500,(anonymous_45)
FN:516,(anonymous_46)
FN:516,(anonymous_47)
FN:531,(anonymous_48)
FN:538,(anonymous_49)
FN:554,(anonymous_50)
FNF:33
FNH:1
FNDA:2,(anonymous_7)
FNDA:0,(anonymous_8)
FNDA:0,(anonymous_10)
FNDA:0,(anonymous_12)
FNDA:0,(anonymous_14)
FNDA:0,(anonymous_16)
FNDA:0,(anonymous_17)
FNDA:0,(anonymous_19)
FNDA:0,(anonymous_20)
FNDA:0,(anonymous_21)
FNDA:0,(anonymous_22)
FNDA:0,(anonymous_24)
FNDA:0,(anonymous_26)
FNDA:0,(anonymous_28)
FNDA:0,(anonymous_29)
FNDA:0,(anonymous_30)
FNDA:0,(anonymous_31)
FNDA:0,(anonymous_33)
FNDA:0,(anonymous_34)
FNDA:0,(anonymous_36)
FNDA:0,(anonymous_37)
FNDA:0,(anonymous_39)
FNDA:0,(anonymous_40)
FNDA:0,(anonymous_41)
FNDA:0,(anonymous_42)
FNDA:0,(anonymous_43)
FNDA:0,(anonymous_44)
FNDA:0,(anonymous_45)
FNDA:0,(anonymous_46)
FNDA:0,(anonymous_47)
FNDA:0,(anonymous_48)
FNDA:0,(anonymous_49)
FNDA:0,(anonymous_50)
DA:1,2
DA:2,2
DA:3,2
DA:40,2
DA:41,2
DA:47,0
DA:48,0
DA:58,0
DA:59,0
DA:63,0
DA:64,0
DA:65,0
DA:68,0
DA:69,0
DA:79,0
DA:82,0
DA:84,0
DA:91,0
DA:93,0
DA:100,0
DA:108,0
DA:109,0
DA:110,0
DA:112,0
DA:117,0
DA:125,0
DA:126,0
DA:134,0
DA:136,0
DA:143,0
DA:151,0
DA:152,0
DA:155,0
DA:156,0
DA:158,0
DA:161,0
DA:164,0
DA:165,0
DA:167,0
DA:168,0
DA:170,0
DA:171,0
DA:173,0
DA:174,0
DA:176,0
DA:177,0
DA:180,0
DA:182,0
DA:183,0
DA:185,0
DA:191,0
DA:199,0
DA:200,0
DA:202,0
DA:203,0
DA:214,0
DA:215,0
DA:218,0
DA:219,0
DA:220,0
DA:224,0
DA:227,0
DA:230,0
DA:232,0
DA:241,0
DA:247,0
DA:255,0
DA:256,0
DA:263,0
DA:268,0
DA:270,0
DA:271,0
DA:272,0
DA:276,0
DA:278,0
DA:285,0
DA:287,0
DA:292,0
DA:300,0
DA:301,0
DA:306,0
DA:311,0
DA:319,0
DA:320,0
DA:328,0
DA:334,0
DA:335,0
DA:336,0
DA:337,0
DA:346,0
DA:352,0
DA:359,0
DA:360,0
DA:361,0
DA:364,0
DA:365,0
DA:367,0
DA:370,0
DA:371,0
DA:372,0
DA:374,0
DA:375,0
DA:377,0
DA:383,0
DA:391,0
DA:392,0
DA:398,0
DA:400,0
DA:405,0
DA:413,0
DA:415,0
DA:416,0
DA:417,0
DA:419,0
DA:421,0
DA:423,0
DA:424,0
DA:426,0
DA:427,0
DA:431,0
DA:432,0
DA:434,0
DA:436,0
DA:442,0
DA:450,0
DA:451,0
DA:453,0
DA:454,0
DA:456,0
DA:457,0
DA:459,0
DA:462,0
DA:464,0
DA:476,0
DA:477,0
DA:479,0
DA:484,0
DA:487,0
DA:488,0
DA:489,0
DA:490,0
DA:498,0
DA:499,0
DA:500,0
DA:503,0
DA:509,0
DA:516,0
DA:521,0
DA:522,0
DA:523,0
DA:525,0
DA:531,0
DA:533,0
DA:534,0
DA:535,0
DA:538,0
DA:539,0
DA:541,0
DA:542,0
DA:543,0
DA:546,0
DA:547,0
DA:550,0
DA:554,0
DA:555,0
DA:558,0
DA:564,0
DA:569,0
DA:574,2
LF:169
LH:6
BRDA:58,0,0,0
BRDA:58,1,0,0
BRDA:58,1,1,0
BRDA:64,2,0,0
BRDA:93,3,0,0
BRDA:93,3,1,0
BRDA:110,4,0,0
BRDA:110,4,1,0
BRDA:112,5,0,0
BRDA:112,5,1,0
BRDA:134,6,0,0
BRDA:134,6,1,0
BRDA:136,7,0,0
BRDA:136,7,1,0
BRDA:155,8,0,0
BRDA:155,8,1,0
BRDA:164,9,0,0
BRDA:164,10,0,0
BRDA:164,10,1,0
BRDA:164,11,0,0
BRDA:164,11,1,0
BRDA:167,12,0,0
BRDA:167,13,0,0
BRDA:167,13,1,0
BRDA:167,14,0,0
BRDA:167,14,1,0
BRDA:170,15,0,0
BRDA:170,16,0,0
BRDA:170,16,1,0
BRDA:170,17,0,0
BRDA:170,17,1,0
BRDA:173,18,0,0
BRDA:173,19,0,0
BRDA:173,19,1,0
BRDA:173,20,0,0
BRDA:173,20,1,0
BRDA:176,21,0,0
BRDA:176,22,0,0
BRDA:176,22,1,0
BRDA:176,23,0,0
BRDA:176,23,1,0
BRDA:185,24,0,0
BRDA:185,24,1,0
BRDA:202,25,0,0
BRDA:241,26,0,0
BRDA:241,26,1,0
BRDA:271,27,0,0
BRDA:287,28,0,0
BRDA:287,28,1,0
BRDA:306,29,0,0
BRDA:306,29,1,0
BRDA:335,30,0,0
BRDA:335,31,0,0
BRDA:335,31,1,0
BRDA:346,32,0,0
BRDA:346,32,1,0
BRDA:359,33,0,0
BRDA:364,34,0,0
BRDA:364,34,1,0
BRDA:377,35,0,0
BRDA:377,35,1,0
BRDA:400,36,0,0
BRDA:400,36,1,0
BRDA:416,37,0,0
BRDA:416,37,1,0
BRDA:426,38,0,0
BRDA:436,39,0,0
BRDA:436,39,1,0
BRDA:456,40,0,0
BRDA:456,40,1,0
BRDA:464,41,0,0
BRDA:464,41,1,0
BRDA:476,42,0,0
BRDA:476,43,0,0
BRDA:503,44,0,0
BRDA:503,44,1,0
BRDA:516,45,0,0
BRDA:541,46,0,0
BRDA:550,47,0,0
BRDA:550,47,1,0
BRDA:564,48,0,0
BRDA:564,48,1,0
BRF:82
BRH:0
end_of_record
TN:
SF:src\services\searchService.ts
FN:63,(anonymous_7)
FN:98,(anonymous_9)
FN:105,(anonymous_10)
FN:107,(anonymous_11)
FN:122,(anonymous_12)
FN:146,(anonymous_13)
FN:184,(anonymous_15)
FN:192,(anonymous_16)
FN:194,(anonymous_17)
FN:209,(anonymous_18)
FN:233,(anonymous_19)
FN:252,(anonymous_21)
FN:259,(anonymous_22)
FN:261,(anonymous_23)
FN:290,(anonymous_24)
FN:316,(anonymous_26)
FN:317,(anonymous_27)
FN:341,(anonymous_28)
FN:355,(anonymous_30)
FN:374,(anonymous_31)
FNF:20
FNH:0
FNDA:0,(anonymous_7)
FNDA:0,(anonymous_9)
FNDA:0,(anonymous_10)
FNDA:0,(anonymous_11)
FNDA:0,(anonymous_12)
FNDA:0,(anonymous_13)
FNDA:0,(anonymous_15)
FNDA:0,(anonymous_16)
FNDA:0,(anonymous_17)
FNDA:0,(anonymous_18)
FNDA:0,(anonymous_19)
FNDA:0,(anonymous_21)
FNDA:0,(anonymous_22)
FNDA:0,(anonymous_23)
FNDA:0,(anonymous_24)
FNDA:0,(anonymous_26)
FNDA:0,(anonymous_27)
FNDA:0,(anonymous_28)
FNDA:0,(anonymous_30)
FNDA:0,(anonymous_31)
DA:1,0
DA:3,0
DA:59,0
DA:64,0
DA:65,0
DA:68,0
DA:69,0
DA:72,0
DA:73,0
DA:76,0
DA:77,0
DA:80,0
DA:81,0
DA:84,0
DA:85,0
DA:89,0
DA:90,0
DA:92,0
DA:93,0
DA:94,0
DA:97,0
DA:98,0
DA:101,0
DA:102,0
DA:103,0
DA:104,0
DA:107,0
DA:108,0
DA:111,0
DA:121,0
DA:122,0
DA:123,0
DA:124,0
DA:125,0
DA:126,0
DA:130,0
DA:138,0
DA:139,0
DA:149,0
DA:150,0
DA:153,0
DA:154,0
DA:157,0
DA:158,0
DA:161,0
DA:162,0
DA:165,0
DA:166,0
DA:169,0
DA:170,0
DA:174,0
DA:175,0
DA:177,0
DA:178,0
DA:179,0
DA:182,0
DA:183,0
DA:184,0
DA:188,0
DA:189,0
DA:190,0
DA:191,0
DA:194,0
DA:195,0
DA:198,0
DA:208,0
DA:209,0
DA:210,0
DA:211,0
DA:212,0
DA:213,0
DA:217,0
DA:225,0
DA:226,0
DA:234,0
DA:235,0
DA:238,0
DA:239,0
DA:243,0
DA:244,0
DA:246,0
DA:247,0
DA:248,0
DA:251,0
DA:252,0
DA:255,0
DA:256,0
DA:257,0
DA:258,0
DA:261,0
DA:262,0
DA:265,0
DA:274,0
DA:282,0
DA:283,0
DA:295,0
DA:296,0
DA:302,0
DA:308,0
DA:309,0
DA:317,0
DA:323,0
DA:325,0
DA:326,0
DA:328,0
DA:333,0
DA:334,0
DA:345,0
DA:346,0
DA:351,0
DA:354,0
DA:356,0
DA:360,0
DA:366,0
DA:367,0
DA:378,0
DA:379,0
DA:384,0
DA:389,0
DA:391,0
DA:392,0
DA:397,0
LF:122
LH:0
BRDA:68,0,0,0
BRDA:72,1,0,0
BRDA:76,2,0,0
BRDA:80,3,0,0
BRDA:84,4,0,0
BRDA:89,5,0,0
BRDA:89,5,1,0
BRDA:92,6,0,0
BRDA:93,7,0,0
BRDA:93,7,1,0
BRDA:102,8,0,0
BRDA:108,9,0,0
BRDA:108,9,1,0
BRDA:112,10,0,0
BRDA:112,10,1,0
BRDA:112,10,2,0
BRDA:121,11,0,0
BRDA:123,12,0,0
BRDA:123,12,1,0
BRDA:124,13,0,0
BRDA:124,13,1,0
BRDA:124,14,0,0
BRDA:124,14,1,0
BRDA:124,15,0,0
BRDA:124,15,1,0
BRDA:125,16,0,0
BRDA:125,16,1,0
BRDA:125,17,0,0
BRDA:125,17,1,0
BRDA:125,18,0,0
BRDA:125,18,1,0
BRDA:126,19,0,0
BRDA:126,19,1,0
BRDA:133,20,0,0
BRDA:133,20,1,0
BRDA:153,21,0,0
BRDA:157,22,0,0
BRDA:161,23,0,0
BRDA:165,24,0,0
BRDA:169,25,0,0
BRDA:174,26,0,0
BRDA:174,26,1,0
BRDA:177,27,0,0
BRDA:178,28,0,0
BRDA:178,28,1,0
BRDA:189,29,0,0
BRDA:195,30,0,0
BRDA:195,30,1,0
BRDA:199,31,0,0
BRDA:199,31,1,0
BRDA:199,31,2,0
BRDA:208,32,0,0
BRDA:210,33,0,0
BRDA:210,33,1,0
BRDA:211,34,0,0
BRDA:211,34,1,0
BRDA:211,35,0,0
BRDA:211,35,1,0
BRDA:211,36,0,0
BRDA:211,36,1,0
BRDA:212,37,0,0
BRDA:212,37,1,0
BRDA:212,38,0,0
BRDA:212,38,1,0
BRDA:212,39,0,0
BRDA:212,39,1,0
BRDA:213,40,0,0
BRDA:213,40,1,0
BRDA:220,41,0,0
BRDA:220,41,1,0
BRDA:238,42,0,0
BRDA:243,43,0,0
BRDA:243,43,1,0
BRDA:246,44,0,0
BRDA:247,45,0,0
BRDA:247,45,1,0
BRDA:256,46,0,0
BRDA:262,47,0,0
BRDA:262,47,1,0
BRDA:266,48,0,0
BRDA:266,48,1,0
BRDA:266,48,2,0
BRDA:277,49,0,0
BRDA:277,49,1,0
BRDA:318,50,0,0
BRDA:356,51,0,0
BRDA:356,51,1,0
BRDA:357,52,0,0
BRDA:357,52,1,0
BRDA:357,53,0,0
BRDA:357,53,1,0
BRF:91
BRH:0
end_of_record
TN:
SF:src\sockets\chatSocket.ts
FN:21,(anonymous_7)
FN:27,(anonymous_8)
FN:47,(anonymous_9)
FN:55,(anonymous_10)
FN:65,(anonymous_11)
FN:71,(anonymous_12)
FN:113,(anonymous_13)
FN:144,(anonymous_14)
FN:144,(anonymous_15)
FN:170,(anonymous_16)
FN:189,(anonymous_17)
FN:201,(anonymous_18)
FN:204,(anonymous_19)
FN:223,(anonymous_20)
FN:226,(anonymous_21)
FNF:15
FNH:0
FNDA:0,(anonymous_7)
FNDA:0,(anonymous_8)
FNDA:0,(anonymous_9)
FNDA:0,(anonymous_10)
FNDA:0,(anonymous_11)
FNDA:0,(anonymous_12)
FNDA:0,(anonymous_13)
FNDA:0,(anonymous_14)
FNDA:0,(anonymous_15)
FNDA:0,(anonymous_16)
FNDA:0,(anonymous_17)
FNDA:0,(anonymous_18)
FNDA:0,(anonymous_19)
FNDA:0,(anonymous_20)
FNDA:0,(anonymous_21)
DA:2,0
DA:7,0
DA:19,0
DA:21,0
DA:22,0
DA:25,0
DA:28,0
DA:29,0
DA:36,0
DA:38,0
DA:39,0
DA:47,0
DA:48,0
DA:49,0
DA:55,0
DA:56,0
DA:57,0
DA:63,0
DA:71,0
DA:72,0
DA:79,0
DA:82,0
DA:83,0
DA:84,0
DA:85,0
DA:89,0
DA:90,0
DA:94,0
DA:98,0
DA:107,0
DA:110,0
DA:113,0
DA:114,0
DA:116,0
DA:117,0
DA:118,0
DA:127,0
DA:132,0
DA:133,0
DA:134,0
DA:142,0
DA:144,0
DA:145,0
DA:146,0
DA:151,0
DA:152,0
DA:156,0
DA:159,0
DA:160,0
DA:168,0
DA:175,0
DA:178,0
DA:187,0
DA:190,0
DA:193,0
DA:201,0
DA:203,0
DA:204,0
DA:207,0
DA:208,0
DA:209,0
DA:212,0
DA:218,0
DA:223,0
DA:226,0
DA:231,0
DA:232,0
DA:233,0
LF:68
LH:0
BRDA:78,0,0,0
BRDA:83,1,0,0
BRDA:89,2,0,0
BRDA:114,3,0,0
BRDA:117,4,0,0
BRDA:135,5,0,0
BRDA:135,5,1,0
BRDA:161,6,0,0
BRDA:161,6,1,0
BRDA:207,7,0,0
BRDA:232,8,0,0
BRF:11
BRH:0
end_of_record
TN:
SF:src\sockets\eventSocket.ts
FN:13,(anonymous_0)
FN:21,(anonymous_1)
FN:35,(anonymous_2)
FN:45,(anonymous_3)
FN:58,(anonymous_4)
FN:67,(anonymous_5)
FN:68,(anonymous_6)
FNF:7
FNH:0
FNDA:0,(anonymous_0)
FNDA:0,(anonymous_1)
FNDA:0,(anonymous_2)
FNDA:0,(anonymous_3)
FNDA:0,(anonymous_4)
FNDA:0,(anonymous_5)
FNDA:0,(anonymous_6)
DA:8,0
DA:9,0
DA:13,0
DA:18,0
DA:21,0
DA:22,0
DA:23,0
DA:24,0
DA:25,0
DA:31,0
DA:35,0
DA:36,0
DA:37,0
DA:41,0
DA:45,0
DA:46,0
DA:47,0
DA:48,0
DA:52,0
DA:53,0
DA:58,0
DA:59,0
DA:60,0
DA:63,0
DA:67,0
DA:68,0
DA:70,0
DA:71,0
DA:72,0
DA:76,0
DA:77,0
DA:81,0
DA:82,0
LF:33
LH:0
BRDA:52,0,0,0
BRDA:70,1,0,0
BRF:2
BRH:0
end_of_record
TN:
SF:src\utils\applyValidations.ts
FN:63,applyAuthValidations
FN:87,applyEventValidations
FN:133,applyMusicianRequestValidations
FN:162,applyChatValidations
FN:195,applyPaymentValidations
FN:230,applySearchValidations
FN:267,applyGeolocationValidations
FN:293,applyAdminValidations
FN:329,applyPushNotificationValidations
FN:372,applyAnalyticsValidations
FN:398,applyImageValidations
FN:433,applySuperAdminValidations
FN:468,applyAllValidations
FN:474,(anonymous_13)
FN:513,applyValidationToRoute
FN:545,createCommonValidations
FNF:16
FNH:0
FNDA:0,applyAuthValidations
FNDA:0,applyEventValidations
FNDA:0,applyMusicianRequestValidations
FNDA:0,applyChatValidations
FNDA:0,applyPaymentValidations
FNDA:0,applySearchValidations
FNDA:0,applyGeolocationValidations
FNDA:0,applyAdminValidations
FNDA:0,applyPushNotificationValidations
FNDA:0,applyAnalyticsValidations
FNDA:0,applyImageValidations
FNDA:0,applySuperAdminValidations
FNDA:0,applyAllValidations
FNDA:0,(anonymous_13)
FNDA:0,applyValidationToRoute
FNDA:0,createCommonValidations
DA:2,0
DA:14,0
DA:63,0
DA:65,0
DA:66,0
DA:69,0
DA:72,0
DA:75,0
DA:78,0
DA:81,0
DA:87,0
DA:89,0
DA:92,0
DA:95,0
DA:98,0
DA:101,0
DA:104,0
DA:111,0
DA:114,0
DA:117,0
DA:120,0
DA:133,0
DA:135,0
DA:138,0
DA:141,0
DA:144,0
DA:147,0
DA:150,0
DA:153,0
DA:156,0
DA:162,0
DA:164,0
DA:167,0
DA:170,0
DA:173,0
DA:176,0
DA:179,0
DA:182,0
DA:195,0
DA:197,0
DA:200,0
DA:203,0
DA:206,0
DA:209,0
DA:212,0
DA:215,0
DA:218,0
DA:221,0
DA:224,0
DA:230,0
DA:232,0
DA:239,0
DA:242,0
DA:245,0
DA:248,0
DA:251,0
DA:254,0
DA:267,0
DA:269,0
DA:272,0
DA:275,0
DA:278,0
DA:281,0
DA:284,0
DA:287,0
DA:293,0
DA:295,0
DA:298,0
DA:301,0
DA:304,0
DA:307,0
DA:310,0
DA:313,0
DA:316,0
DA:317,0
DA:318,0
DA:321,0
DA:322,0
DA:323,0
DA:329,0
DA:331,0
DA:334,0
DA:337,0
DA:344,0
DA:347,0
DA:350,0
DA:353,0
DA:360,0
DA:363,0
DA:366,0
DA:372,0
DA:374,0
DA:377,0
DA:380,0
DA:383,0
DA:386,0
DA:389,0
DA:392,0
DA:398,0
DA:400,0
DA:409,0
DA:418,0
DA:421,0
DA:424,0
DA:427,0
DA:433,0
DA:435,0
DA:436,0
DA:437,0
DA:438,0
DA:439,0
DA:442,0
DA:443,0
DA:444,0
DA:447,0
DA:448,0
DA:449,0
DA:452,0
DA:453,0
DA:456,0
DA:459,0
DA:462,0
DA:468,0
DA:470,0
DA:471,0
DA:474,0
DA:475,0
DA:476,0
DA:477,0
DA:480,0
DA:481,0
DA:482,0
DA:483,0
DA:484,0
DA:485,0
DA:486,0
DA:487,0
DA:488,0
DA:489,0
DA:490,0
DA:491,0
DA:492,0
DA:493,0
DA:494,0
DA:495,0
DA:496,0
DA:497,0
DA:498,0
DA:499,0
DA:500,0
DA:501,0
DA:502,0
DA:503,0
DA:513,0
DA:519,0
DA:521,0
DA:523,0
DA:524,0
DA:526,0
DA:527,0
DA:529,0
DA:530,0
DA:532,0
DA:533,0
DA:535,0
DA:536,0
DA:538,0
DA:545,0
DA:552,0
DA:555,0
DA:556,0
DA:560,0
DA:566,0
DA:567,0
DA:571,0
DA:572,0
DA:576,0
DA:577,0
DA:582,0
DA:585,0
LF:180
LH:0
BRDA:470,0,0,0
BRDA:475,1,0,0
BRDA:480,2,0,0
BRDA:480,2,1,0
BRDA:482,3,0,0
BRDA:482,3,1,0
BRDA:484,4,0,0
BRDA:484,4,1,0
BRDA:486,5,0,0
BRDA:486,5,1,0
BRDA:488,6,0,0
BRDA:488,6,1,0
BRDA:490,7,0,0
BRDA:490,7,1,0
BRDA:492,8,0,0
BRDA:492,8,1,0
BRDA:494,9,0,0
BRDA:494,9,1,0
BRDA:496,10,0,0
BRDA:496,10,1,0
BRDA:498,11,0,0
BRDA:498,11,1,0
BRDA:500,12,0,0
BRDA:500,12,1,0
BRDA:502,13,0,0
BRDA:521,14,0,0
BRDA:521,14,1,0
BRDA:521,14,2,0
BRDA:521,14,3,0
BRDA:521,14,4,0
BRDA:521,14,5,0
BRDA:547,15,0,0
BRDA:549,16,0,0
BRDA:555,17,0,0
BRDA:560,18,0,0
BRDA:566,19,0,0
BRDA:566,20,0,0
BRDA:566,20,1,0
BRDA:571,21,0,0
BRDA:576,22,0,0
BRF:40
BRH:0
end_of_record
TN:
SF:src\utils\dtos.ts
FNF:0
FNH:0
DA:1,0
DA:5,0
DA:23,0
DA:28,0
DA:34,0
DA:56,0
DA:79,0
DA:89,0
DA:97,0
DA:117,0
DA:127,0
DA:142,0
DA:153,0
DA:166,0
DA:179,0
DA:186,0
DA:193,0
DA:198,0
DA:203,0
DA:208,0
DA:219,0
DA:231,0
DA:251,0
DA:294,0
DA:301,0
DA:317,0
DA:322,0
DA:328,0
DA:343,0
DA:356,0
DA:365,0
DA:371,0
DA:379,0
DA:384,0
DA:390,0
LF:35
LH:0
BRF:0
BRH:0
end_of_record
TN:
SF:src\utils\firestoreIndexes.ts
FN:56,(anonymous_7)
FN:64,(anonymous_9)
FN:77,(anonymous_10)
FN:84,(anonymous_11)
FN:88,(anonymous_12)
FN:94,(anonymous_13)
FN:101,(anonymous_14)
FN:124,(anonymous_16)
FN:126,(anonymous_17)
FN:134,(anonymous_18)
FNF:10
FNH:10
FNDA:1,(anonymous_7)
FNDA:9,(anonymous_9)
FNDA:6,(anonymous_10)
FNDA:7,(anonymous_11)
FNDA:5,(anonymous_12)
FNDA:5,(anonymous_13)
FNDA:1,(anonymous_14)
FNDA:10,(anonymous_16)
FNDA:9,(anonymous_17)
FNDA:18,(anonymous_18)
DA:2,1
DA:7,1
DA:52,1
DA:57,1
DA:58,1
DA:61,1
DA:62,4
DA:63,4
DA:64,9
DA:68,1
DA:70,0
DA:78,6
DA:85,7
DA:86,7
DA:88,5
DA:95,5
DA:102,1
DA:104,1
DA:105,1
DA:106,4
DA:109,4
DA:113,1
DA:115,0
DA:118,1
DA:125,10
DA:126,9
DA:129,10
DA:130,2
DA:134,18
DA:135,8
LF:30
LH:28
BRDA:86,0,0,2
BRDA:95,1,0,5
BRDA:95,1,1,1
BRDA:125,2,0,1
BRDA:125,2,1,9
BRDA:125,3,0,10
BRDA:125,3,1,10
BRDA:129,4,0,2
BRF:8
BRH:8
end_of_record
TN:
SF:src\utils\functions.ts
FN:4,(anonymous_0)
FN:19,handleError
FN:29,handleSuccess
FNF:3
FNH:1
FNDA:2,(anonymous_0)
FNDA:0,handleError
FNDA:0,handleSuccess
DA:1,1
DA:4,1
DA:5,2
DA:6,2
DA:19,1
DA:25,0
DA:26,0
DA:29,1
DA:35,0
LF:9
LH:6
BRDA:22,0,0,0
BRDA:23,1,0,0
BRDA:32,2,0,0
BRDA:33,3,0,0
BRF:4
BRH:0
end_of_record
TN:
SF:src\utils\jwt.ts
FN:4,createToken
FNF:1
FNH:0
FNDA:0,createToken
DA:1,1
DA:2,1
DA:4,1
DA:10,0
DA:11,0
DA:12,0
DA:17,0
DA:28,0
LF:8
LH:3
BRDA:11,0,0,0
BRDA:11,1,0,0
BRDA:11,1,1,0
BRDA:11,1,2,0
BRDA:11,1,3,0
BRF:5
BRH:0
end_of_record
TN:
SF:src\utils\mailer.ts
FN:13,(anonymous_8)
FN:13,(anonymous_9)
FNF:2
FNH:0
FNDA:0,(anonymous_8)
FNDA:0,(anonymous_9)
DA:1,1
DA:2,1
DA:3,1
DA:5,1
DA:13,1
DA:14,0
DA:15,0
DA:22,0
DA:24,0
DA:25,0
LF:10
LH:5
BRF:0
BRH:0
end_of_record
TN:
SF:src\utils\socket.Io.ts
FN:6,initializeSocket
FN:14,(anonymous_1)
FNF:2
FNH:0
FNDA:0,initializeSocket
FNDA:0,(anonymous_1)
DA:1,0
DA:2,0
DA:4,0
DA:6,0
DA:7,0
DA:14,0
DA:15,0
DA:18,0
LF:8
LH:0
BRF:0
BRH:0
end_of_record
TN:
SF:src\utils\validationSchemas.ts
FNF:0
FNH:0
DA:1,3
DA:8,3
DA:73,3
DA:127,3
DA:140,3
DA:178,3
DA:312,3
DA:409,3
DA:502,3
DA:565,3
DA:626,3
DA:648,3
DA:672,3
DA:760,3
DA:779,3
DA:809,3
DA:907,3
DA:920,3
DA:932,3
DA:966,3
DA:1022,3
DA:1067,3
DA:1091,3
DA:1139,3
DA:1158,3
DA:1170,3
DA:1187,3
LF:27
LH:27
BRF:0
BRH:0
end_of_record
TN:
SF:src\utils\validatios.ts
FN:1,validarPassword
FN:7,validarEmail
FNF:2
FNH:0
FNDA:0,validarPassword
FNDA:0,validarEmail
DA:1,1
DA:3,0
DA:4,0
DA:7,1
DA:8,0
DA:9,0
LF:6
LH:2
BRF:0
BRH:0
end_of_record
